{"channel": "measurements", "type": "twr", "time": "2023-09-15T04:57:03.890+00:00", "tag": "1ff", "meas": [["ab0", 4.62, -82], ["b00", 6.66, -108], ["aa0", 2.4, -108], ["ae0", 7.97, -108], ["ac0", 9.96, -108], ["af0", 6.09, -108], ["b50", 4.81, -108], ["a80", 7.01, -108], ["b80", 10.59, -108]]}
{"channel": "solution", "tag": "1ff", "time": "2023-09-15T04:57:03.890+00:00", "validity": "7", "type": "9", "position_lcl": [0.55, 0.24, 1.81], "position_trf": null, "velocity": {"speed": 0.01, "vertical": -0.0}, "accuracy": {"horizontal": 0.18, "vertical": 0.53}}
{"channel": "measurements", "type": "twr", "time": "2023-09-15T04:57:04.889+00:00", "tag": "1ff", "meas": [["ab0", 4.65, -83], ["b00", 6.74, -108], ["aa0", 2.37, -108], ["ae0", 7.96, -108], ["ac0", 9.94, -108], ["af0", 6.06, -108], ["b50", 4.82, -108], ["a80", 6.99, -108], ["b80", 10.59, -108]]}
{"channel": "solution", "tag": "1ff", "time": "2023-09-15T04:57:04.889+00:00", "validity": "7", "type": "9", "position_lcl": [0.55, 0.24, 1.81], "position_trf": null, "velocity": {"speed": 0.02, "vertical": -0.01}, "accuracy": {"horizontal": 0.18, "vertical": 0.53}}
{"channel": "measurements", "type": "twr", "time": "2023-09-15T04:57:05.888+00:00", "tag": "1ff", "meas": [["ab0", 4.65, -83], ["b00", 6.68, -108], ["aa0", 2.37, -108], ["ae0", 7.98, -108], ["ac0", 9.95, -108], ["af0", 6.11, -108], ["b50", 4.84, -108], ["a80", 7.0, -108], ["b80", 10.6, -108]]}
{"channel": "solution", "tag": "1ff", "time": "2023-09-15T04:57:05.888+00:00", "validity": "7", "type": "9", "position_lcl": [0.55, 0.24, 1.81], "position_trf": null, "velocity": {"speed": 0.01, "vertical": -0.01}, "accuracy": {"horizontal": 0.18, "vertical": 0.52}}
{"channel": "measurements", "type": "twr", "time": "2023-09-15T04:57:06.888+00:00", "tag": "1ff", "meas": [["ab0", 4.69, -83], ["b00", 6.69, -108], ["aa0", 2.33, -108], ["ae0", 7.99, -108], ["ac0", 9.97, -108], ["af0", 6.1, -108], ["b50", 4.75, -108], ["a80", 7.0, -108], ["b80", 10.63, -108]]}
{"channel": "solution", "tag": "1ff", "time": "2023-09-15T04:57:06.888+00:00", "validity": "7", "type": "9", "position_lcl": [0.55, 0.24, 1.81], "position_trf": null, "velocity": {"speed": 0.01, "vertical": -0.0}, "accuracy": {"horizontal": 0.18, "vertical": 0.52}}
{"channel": "measurements", "type": "twr", "time": "2023-09-15T04:57:07.890+00:00", "tag": "1ff", "meas": [["ab0", 4.63, -83], ["b00", 6.7, -108], ["aa0", 2.4, -108], ["ae0", 7.97, -108], ["ac0", 9.97, -108], ["af0", 6.04, -108], ["b50", 4.81, -108], ["a80", 6.99, -108], ["b80", 10.57, -108]]}
{"channel": "solution", "tag": "1ff", "time": "2023-09-15T04:57:07.890+00:00", "validity": "7", "type": "9", "position_lcl": [0.55, 0.24, 1.81], "position_trf": null, "velocity": {"speed": 0.01, "vertical": -0.0}, "accuracy": {"horizontal": 0.18, "vertical": 0.51}}
{"channel": "measurements", "type": "twr", "time": "2023-09-15T04:57:08.890+00:00", "tag": "1ff", "meas": [["ab0", 4.63, -83], ["b00", 6.69, -108], ["aa0", 2.33, -108], ["ae0", 8.03, -108], ["ac0", 9.96, -108], ["af0", 6.09, -108], ["b50", 4.82, -108], ["a80", 7.0, -108], ["b80", 10.53, -108]]}
{"channel": "solution", "tag": "1ff", "time": "2023-09-15T04:57:08.890+00:00", "validity": "7", "type": "9", "position_lcl": [0.55, 0.24, 1.81], "position_trf": null, "velocity": {"speed": 0.02, "vertical": -0.0}, "accuracy": {"horizontal": 0.18, "vertical": 0.51}}
{"channel": "measurements", "type": "twr", "time": "2023-09-15T04:57:09.890+00:00", "tag": "1ff", "meas": [["ab0", 4.65, -83], ["b00", 6.67, -108], ["aa0", 2.34, -108], ["ae0", 8.0, -108], ["ac0", 9.99, -108], ["af0", 6.07, -108], ["b50", 4.8, -108], ["a80", 6.98, -108], ["b80", 10.53, -108]]}
{"channel": "solution", "tag": "1ff", "time": "2023-09-15T04:57:09.890+00:00", "validity": "7", "type": "9", "position_lcl": [0.55, 0.24, 1.81], "position_trf": null, "velocity": {"speed": 0.01, "vertical": -0.0}, "accuracy": {"horizontal": 0.18, "vertical": 0.5}}
{"channel": "measurements", "type": "twr", "time": "2023-09-15T04:57:10.888+00:00", "tag": "1ff", "meas": [["ab0", 4.69, -83], ["b00", 6.74, -108], ["aa0", 2.34, -108], ["ae0", 7.99, -108], ["ac0", 9.97, -108], ["af0", 6.08, -108], ["b50", 4.82, -108], ["a80", 6.98, -108], ["b80", 10.59, -108]]}
{"channel": "solution", "tag": "1ff", "time": "2023-09-15T04:57:10.888+00:00", "validity": "7", "type": "9", "position_lcl": [0.55, 0.24, 1.81], "position_trf": null, "velocity": {"speed": 0.01, "vertical": -0.0}, "accuracy": {"horizontal": 0.18, "vertical": 0.51}}
{"channel": "measurements", "type": "twr", "time": "2023-09-15T04:57:11.890+00:00", "tag": "1ff", "meas": [["ab0", 4.64, -84], ["b00", 6.7, -108], ["aa0", 2.33, -108], ["ae0", 7.98, -108], ["ac0", 9.95, -108], ["af0", 5.99, -108], ["b50", 4.81, -108], ["a80", 6.99, -108], ["b80", 10.56, -108]]}
{"channel": "solution", "tag": "1ff", "time": "2023-09-15T04:57:11.890+00:00", "validity": "7", "type": "9", "position_lcl": [0.55, 0.24, 1.81], "position_trf": null, "velocity": {"speed": 0.02, "vertical": 0.0}, "accuracy": {"horizontal": 0.18, "vertical": 0.5}}
{"channel": "measurements", "type": "twr", "time": "2023-09-15T04:57:12.890+00:00", "tag": "1ff", "meas": [["ab0", 4.62, -83], ["b00", 6.62, -108], ["aa0", 2.33, -108], ["ae0", 8.03, -108], ["ac0", 9.98, -108], ["af0", 6.11, -108], ["b50", 4.79, -108], ["a80", 6.97, -108], ["b80", 10.6, -108]]}
{"channel": "solution", "tag": "1ff", "time": "2023-09-15T04:57:12.890+00:00", "validity": "7", "type": "9", "position_lcl": [0.55, 0.24, 1.81], "position_trf": null, "velocity": {"speed": 0.01, "vertical": 0.0}, "accuracy": {"horizontal": 0.18, "vertical": 0.5}}
{"channel": "measurements", "type": "twr", "time": "2023-09-15T04:57:13.888+00:00", "tag": "1ff", "meas": [["ab0", 4.68, -83], ["b00", 6.72, -108], ["aa0", 2.32, -108], ["ae0", 7.99, -108], ["ac0", 9.96, -108], ["af0", 6.05, -108], ["b50", 4.79, -108], ["a80", 7.03, -108], ["b80", 10.64, -108]]}
{"channel": "solution", "tag": "1ff", "time": "2023-09-15T04:57:13.888+00:00", "validity": "7", "type": "9", "position_lcl": [0.55, 0.24, 1.81], "position_trf": null, "velocity": {"speed": 0.01, "vertical": 0.0}, "accuracy": {"horizontal": 0.18, "vertical": 0.51}}
{"channel": "measurements", "type": "twr", "time": "2023-09-15T04:57:14.888+00:00", "tag": "1ff", "meas": [["ab0", 4.69, -83], ["b00", 7.15, -108], ["ae0", 7.83, -108], ["ac0", 10.01, -108], ["af0", 5.56, -108], ["b50", 4.57, -108], ["a80", 6.84, -108], ["b80", 11.23, -108]]}
{"channel": "solution", "tag": "1ff", "time": "2023-09-15T04:57:14.888+00:00", "validity": "7", "type": "9", "position_lcl": [0.55, 0.24, 1.81], "position_trf": null, "velocity": {"speed": 0.13, "vertical": 0.02}, "accuracy": {"horizontal": 0.18, "vertical": 0.52}}
{"channel": "measurements", "type": "twr", "time": "2023-09-15T04:57:15.888+00:00", "tag": "1ff", "meas": [["ab0", 4.55, -84], ["b00", 7.71, -108], ["ae0", 7.49, -108], ["ac0", 9.38, -108], ["af0", 5.71, -108], ["b50", 4.44, -108], ["a80", 7.07, -108], ["b80", 11.83, -108]]}
{"channel": "solution", "tag": "1ff", "time": "2023-09-15T04:57:15.888+00:00", "validity": "f", "type": "9", "position_lcl": [0.46, 0.61, 1.93], "position_trf": null, "velocity": {"speed": 0.32, "vertical": 0.01, "heading_lcl": [333.62], "heading_trf": null}, "accuracy": {"horizontal": 0.19, "vertical": 0.54}}
{"channel": "measurements", "type": "twr", "time": "2023-09-15T04:57:16.888+00:00", "tag": "1ff", "meas": [["ab0", 4.78, -83], ["b00", 7.73, -108], ["aa0", 1.42, -108], ["ae0", 6.71, -108], ["ac0", 9.16, -108], ["af0", 4.87, -108], ["b50", 4.36, -108], ["a80", 7.55, -108], ["b80", 12.19, -108]]}
{"channel": "solution", "tag": "1ff", "time": "2023-09-15T04:57:16.888+00:00", "validity": "f", "type": "9", "position_lcl": [0.33, 1.02, 1.96], "position_trf": null, "velocity": {"speed": 0.52, "vertical": 0.01, "heading_lcl": [352.47], "heading_trf": null}, "accuracy": {"horizontal": 0.19, "vertical": 0.57}}
{"channel": "measurements", "type": "twr", "time": "2023-09-15T04:57:17.890+00:00", "tag": "1ff", "meas": [["ab0", 5.3, -83], ["b00", 8.04, -108], ["aa0", 1.4, -108], ["ae0", 5.93, -108], ["ac0", 8.95, -108], ["af0", 4.37, -108], ["b50", 4.3, -108], ["a80", 7.98, -108], ["b80", 12.84, -108]]}
{"channel": "solution", "tag": "1ff", "time": "2023-09-15T04:57:17.890+00:00", "validity": "f", "type": "9", "position_lcl": [0.23, 1.58, 2.08], "position_trf": null, "velocity": {"speed": 0.65, "vertical": 0.02, "heading_lcl": [355.77], "heading_trf": null}, "accuracy": {"horizontal": 0.18, "vertical": 0.58}}
{"channel": "measurements", "type": "twr", "time": "2023-09-15T04:57:18.888+00:00", "tag": "1ff", "meas": [["ab0", 6.06, -84], ["b00", 8.64, -108], ["aa0", 1.53, -108], ["ae0", 5.26, -108], ["ac0", 8.71, -108], ["af0", 3.91, -108], ["b50", 4.51, -108], ["a80", 8.48, -108], ["b80", 14.75, -108]]}
{"channel": "solution", "tag": "1ff", "time": "2023-09-15T04:57:18.888+00:00", "validity": "f", "type": "9", "position_lcl": [0.2, 2.18, 2.07], "position_trf": null, "velocity": {"speed": 0.66, "vertical": 0.02, "heading_lcl": [3.72], "heading_trf": null}, "accuracy": {"horizontal": 0.18, "vertical": 0.59}}
{"channel": "measurements", "type": "twr", "time": "2023-09-15T04:57:19.888+00:00", "tag": "1ff", "meas": [["ab0", 5.97, -84], ["b00", 9.05, -108], ["aa0", 2.55, -108], ["ae0", 5.01, -108], ["ac0", 8.34, -108], ["af0", 4.07, -108], ["b50", 4.68, -108], ["a80", 8.9, -108], ["b80", 13.82, -108]]}
{"channel": "solution", "tag": "1ff", "time": "2023-09-15T04:57:19.888+00:00", "validity": "f", "type": "9", "position_lcl": [0.13, 2.78, 2.09], "position_trf": null, "velocity": {"speed": 0.64, "vertical": 0.01, "heading_lcl": [356.55], "heading_trf": null}, "accuracy": {"horizontal": 0.18, "vertical": 0.6}}
{"channel": "measurements", "type": "twr", "time": "2023-09-15T04:57:20.888+00:00", "tag": "1ff", "meas": [["ab0", 5.76, -83], ["b00", 8.94, -108], ["aa0", 2.8, -108], ["ae0", 6.43, -108], ["ac0", 7.85, -108], ["af0", 4.71, -108], ["b50", 4.28, -108], ["a80", 8.81, -108], ["b80", 13.77, -108]]}
{"channel": "solution", "tag": "1ff", "time": "2023-09-15T04:57:20.888+00:00", "validity": "f", "type": "9", "position_lcl": [-0.24, 3.15, 2.09], "position_trf": null, "velocity": {"speed": 0.54, "vertical": 0.01, "heading_lcl": [308.94], "heading_trf": null}, "accuracy": {"horizontal": 0.18, "vertical": 0.61}}
{"channel": "measurements", "type": "twr", "time": "2023-09-15T04:57:21.890+00:00", "tag": "1ff", "meas": [["ab0", 5.36, -83], ["b00", 8.68, -108], ["aa0", 3.06, -108], ["ae0", 5.91, -108], ["ac0", 7.87, -108], ["af0", 5.05, -108], ["b50", 3.75, -108], ["a80", 8.28, -108], ["b80", 13.99, -108]]}
{"channel": "solution", "tag": "1ff", "time": "2023-09-15T04:57:21.890+00:00", "validity": "f", "type": "9", "position_lcl": [-0.7, 3.13, 2.14], "position_trf": null, "velocity": {"speed": 0.5, "vertical": 0.01, "heading_lcl": [264.14], "heading_trf": null}, "accuracy": {"horizontal": 0.19, "vertical": 0.61}}
{"channel": "measurements", "type": "twr", "time": "2023-09-15T04:57:22.888+00:00", "tag": "1ff", "meas": [["ab0", 5.41, -84], ["b00", 8.25, -108], ["aa0", 2.93, -108], ["ae0", 7.07, -108], ["ac0", 7.35, -108], ["af0", 5.28, -108], ["b50", 3.39, -108], ["a80", 7.74, -108], ["b80", 13.26, -108]]}
{"channel": "solution", "tag": "1ff", "time": "2023-09-15T04:57:22.888+00:00", "validity": "f", "type": "9", "position_lcl": [-0.99, 2.81, 2.2], "position_trf": null, "velocity": {"speed": 0.46, "vertical": 0.01, "heading_lcl": [223.78], "heading_trf": null}, "accuracy": {"horizontal": 0.19, "vertical": 0.62}}
{"channel": "measurements", "type": "twr", "time": "2023-09-15T04:57:23.888+00:00", "tag": "1ff", "meas": [["ab0", 4.19, -85], ["b00", 7.51, -108], ["aa0", 2.85, -108], ["ae0", 6.8, -108], ["ac0", 7.5, -108], ["af0", 5.63, -108], ["b50", 2.98, -108], ["a80", 7.13, -108], ["b80", 12.62, -108]]}
{"channel": "solution", "tag": "1ff", "time": "2023-09-15T04:57:23.888+00:00", "validity": "f", "type": "9", "position_lcl": [-1.14, 2.34, 1.88], "position_trf": null, "velocity": {"speed": 0.56, "vertical": -0.02, "heading_lcl": [200.33], "heading_trf": null}, "accuracy": {"horizontal": 0.18, "vertical": 0.59}}
{"channel": "measurements", "type": "twr", "time": "2023-09-15T04:57:24.888+00:00", "tag": "1ff", "meas": [["ab0", 3.78, -84], ["b00", 6.72, -108], ["aa0", 2.89, -108], ["ae0", 9.01, -108], ["ac0", 7.84, -108], ["af0", 5.91, -108], ["b50", 2.97, -108], ["a80", 6.59, -108], ["b80", 12.01, -108]]}
{"channel": "solution", "tag": "1ff", "time": "2023-09-15T04:57:24.888+00:00", "validity": "f", "type": "9", "position_lcl": [-1.08, 1.74, 2.21], "position_trf": null, "velocity": {"speed": 0.66, "vertical": 0.02, "heading_lcl": [172.86], "heading_trf": null}, "accuracy": {"horizontal": 0.18, "vertical": 0.58}}
{"channel": "measurements", "type": "twr", "time": "2023-09-15T04:57:25.890+00:00", "tag": "1ff", "meas": [["ab0", 3.34, -82], ["b00", 6.08, -108], ["aa0", 3.01, -108], ["ae0", 9.67, -108], ["ac0", 8.3, -108], ["af0", 6.63, -108], ["b50", 3.11, -108], ["a80", 5.99, -108], ["b80", 11.42, -108]]}
{"channel": "solution", "tag": "1ff", "time": "2023-09-15T04:57:25.890+00:00", "validity": "f", "type": "9", "position_lcl": [-0.98, 1.08, 2.01], "position_trf": null, "velocity": {"speed": 0.72, "vertical": -0.0, "heading_lcl": [167.99], "heading_trf": null}, "accuracy": {"horizontal": 0.18, "vertical": 0.54}}
{"channel": "measurements", "type": "twr", "time": "2023-09-15T04:57:26.890+00:00", "tag": "1ff", "meas": [["ab0", 2.68, -82], ["b00", 5.42, -108], ["aa0", 3.69, -108], ["ae0", 11.09, -108], ["ac0", 8.87, -108], ["af0", 7.55, -108], ["b50", 2.91, -108], ["a80", 5.35, -108], ["b80", 10.53, -108]]}
{"channel": "solution", "tag": "1ff", "time": "2023-09-15T04:57:26.890+00:00", "validity": "f", "type": "9", "position_lcl": [-1.0, 0.39, 1.99], "position_trf": null, "velocity": {"speed": 0.76, "vertical": -0.01, "heading_lcl": [182.61], "heading_trf": null}, "accuracy": {"horizontal": 0.18, "vertical": 0.54}}
{"channel": "measurements", "type": "twr", "time": "2023-09-15T04:57:27.890+00:00", "tag": "1ff", "meas": [["ab0", 2.17, -82], ["b00", 4.85, -108], ["aa0", 4.45, -108], ["ae0", 11.91, -108], ["ac0", 8.72, -108], ["af0", 9.42, -108], ["b50", 2.93, -108], ["a80", 4.73, -108], ["b80", 9.9, -108]]}
{"channel": "solution", "tag": "1ff", "time": "2023-09-15T04:57:27.890+00:00", "validity": "f", "type": "9", "position_lcl": [-1.17, -0.27, 2.05], "position_trf": null, "velocity": {"speed": 0.74, "vertical": 0.0, "heading_lcl": [197.45], "heading_trf": null}, "accuracy": {"horizontal": 0.18, "vertical": 0.52}}
{"channel": "measurements", "type": "twr", "time": "2023-09-15T04:57:28.888+00:00", "tag": "1ff", "meas": [["ab0", 1.73, -82], ["b00", 4.22, -108], ["aa0", 5.12, -108], ["ac0", 11.43, -108], ["af0", 10.31, -108], ["b50", 3.07, -108], ["a80", 3.98, -108], ["b80", 9.21, -108]]}
{"channel": "solution", "tag": "1ff", "time": "2023-09-15T04:57:28.888+00:00", "validity": "f", "type": "9", "position_lcl": [-1.51, -0.85, 2.14], "position_trf": null, "velocity": {"speed": 0.71, "vertical": 0.01, "heading_lcl": [212.69], "heading_trf": null}, "accuracy": {"horizontal": 0.18, "vertical": 0.5}}
{"channel": "measurements", "type": "twr", "time": "2023-09-15T04:57:29.890+00:00", "tag": "1ff", "meas": [["ab0", 1.41, -83], ["b00", 3.42, -108], ["aa0", 5.97, -108], ["ac0", 9.51, -108], ["af0", 11.44, -108], ["b50", 3.35, -108], ["a80", 3.17, -108], ["b80", 8.46, -108]]}
{"channel": "solution", "tag": "1ff", "time": "2023-09-15T04:57:29.890+00:00", "validity": "f", "type": "9", "position_lcl": [-1.79, -1.51, 2.07], "position_trf": null, "velocity": {"speed": 0.78, "vertical": 0.0, "heading_lcl": [202.61], "heading_trf": null}, "accuracy": {"horizontal": 0.19, "vertical": 0.45}}
{"channel": "measurements", "type": "twr", "time": "2023-09-15T04:57:30.888+00:00", "tag": "1ff", "meas": [["ab0", 1.27, -81], ["b00", 2.79, -108], ["aa0", 6.61, -108], ["ae0", 15.73, -108], ["ac0", 9.28, -108], ["af0", 11.5, -108], ["b50", 3.7, -108], ["a80", 2.64, -108], ["b80", 8.02, -108]]}
{"channel": "solution", "tag": "1ff", "time": "2023-09-15T04:57:30.888+00:00", "validity": "f", "type": "9", "position_lcl": [-2.24, -2.18, 2.13], "position_trf": null, "velocity": {"speed": 0.88, "vertical": 0.01, "heading_lcl": [214.13], "heading_trf": null}, "accuracy": {"horizontal": 0.2, "vertical": 0.43}}
{"channel": "measurements", "type": "twr", "time": "2023-09-15T04:57:31.888+00:00", "tag": "1ff", "meas": [["ab0", 1.59, -82], ["b00", 2.29, -108], ["aa0", 7.35, -108], ["ae0", 14.91, -108], ["ac0", 11.06, -108], ["af0", 11.65, -108], ["b50", 4.13, -108], ["a80", 2.03, -108], ["b80", 7.45, -108]]}
{"channel": "solution", "tag": "1ff", "time": "2023-09-15T04:57:31.888+00:00", "validity": "f", "type": "9", "position_lcl": [-2.66, -2.82, 1.84], "position_trf": null, "velocity": {"speed": 0.81, "vertical": -0.03, "heading_lcl": [214.84], "heading_trf": null}, "accuracy": {"horizontal": 0.22, "vertical": 0.41}}
{"channel": "measurements", "type": "twr", "time": "2023-09-15T04:57:32.890+00:00", "tag": "1ff", "meas": [["ab0", 2.21, -83], ["b00", 1.86, -108], ["aa0", 7.96, -108], ["ae0", 15.42, -108], ["ac0", 9.89, -108], ["af0", 11.61, -108], ["b50", 4.97, -108], ["a80", 1.56, -108], ["b80", 6.98, -108]]}
{"channel": "solution", "tag": "1ff", "time": "2023-09-15T04:57:32.890+00:00", "validity": "f", "type": "9", "position_lcl": [-2.85, -3.39, 2.0], "position_trf": null, "velocity": {"speed": 0.63, "vertical": -0.0, "heading_lcl": [194.73], "heading_trf": null}, "accuracy": {"horizontal": 0.22, "vertical": 0.35}}
{"channel": "measurements", "type": "twr", "time": "2023-09-15T04:57:33.890+00:00", "tag": "1ff", "meas": [["ab0", 3.11, -90], ["b00", 1.63, -108], ["aa0", 8.23, -108], ["ae0", 15.47, -108], ["ac0", 12.36, -108], ["af0", 11.69, -108], ["b50", 8.62, -108], ["a80", 2.15, -108], ["b80", 6.54, -108]]}
{"channel": "solution", "tag": "1ff", "time": "2023-09-15T04:57:33.890+00:00", "validity": "f", "type": "9", "position_lcl": [-2.77, -3.95, 1.67], "position_trf": null, "velocity": {"speed": 0.61, "vertical": -0.05, "heading_lcl": [174.59], "heading_trf": null}, "accuracy": {"horizontal": 0.22, "vertical": 0.29}}
{"channel": "measurements", "type": "twr", "time": "2023-09-15T04:57:34.888+00:00", "tag": "1ff", "meas": [["ab0", 3.58, -103], ["b00", 1.28, -108], ["ae0", 14.33, -108], ["ac0", 11.14, -108], ["af0", 12.05, -108], ["b50", 6.02, -108], ["a80", 2.08, -108], ["b80", 5.98, -108]]}
{"channel": "solution", "tag": "1ff", "time": "2023-09-15T04:57:34.888+00:00", "validity": "f", "type": "9", "position_lcl": [-2.51, -4.42, 1.7], "position_trf": null, "velocity": {"speed": 0.59, "vertical": -0.03, "heading_lcl": [153.83], "heading_trf": null}, "accuracy": {"horizontal": 0.23, "vertical": 0.22}}
{"channel": "measurements", "type": "twr", "time": "2023-09-15T04:57:35.890+00:00", "tag": "1ff", "meas": [["ab0", 3.89, -83], ["b00", 1.08, -108], ["ae0", 14.2, -108], ["ac0", 11.64, -108], ["af0", 12.1, -108], ["b50", 6.39, -108], ["a80", 2.69, -108], ["b80", 5.87, -108]]}
{"channel": "solution", "tag": "1ff", "time": "2023-09-15T04:57:35.890+00:00", "validity": "f", "type": "9", "position_lcl": [-2.26, -4.81, 1.73], "position_trf": null, "velocity": {"speed": 0.49, "vertical": -0.0, "heading_lcl": [151.45], "heading_trf": null}, "accuracy": {"horizontal": 0.27, "vertical": 0.18}}
{"channel": "measurements", "type": "twr", "time": "2023-09-15T04:57:36.888+00:00", "tag": "1ff", "meas": [["ab0", 4.39, -86], ["b00", 1.18, -108], ["aa0", 8.45, -108], ["ae0", 14.75, -108], ["ac0", 12.09, -108], ["af0", 11.98, -108], ["b50", 6.89, -108], ["a80", 3.47, -108], ["b80", 4.8, -108]]}
{"channel": "solution", "tag": "1ff", "time": "2023-09-15T04:57:36.888+00:00", "validity": "f", "type": "9", "position_lcl": [-1.83, -5.1, 1.66], "position_trf": null, "velocity": {"speed": 0.57, "vertical": -0.03, "heading_lcl": [130.05], "heading_trf": null}, "accuracy": {"horizontal": 0.26, "vertical": 0.18}}
{"channel": "measurements", "type": "twr", "time": "2023-09-15T04:57:37.889+00:00", "tag": "1ff", "meas": [["ab0", 4.67, -84], ["b00", 1.4, -108], ["aa0", 8.24, -108], ["ae0", 14.61, -108], ["ac0", 12.7, -108], ["af0", 14.02, -108], ["b50", 7.12, -108], ["a80", 3.83, -108], ["b80", 4.62, -108]]}
{"channel": "solution", "tag": "1ff", "time": "2023-09-15T04:57:37.889+00:00", "validity": "f", "type": "9", "position_lcl": [-1.33, -5.34, 1.65], "position_trf": null, "velocity": {"speed": 0.59, "vertical": -0.02, "heading_lcl": [118.51], "heading_trf": null}, "accuracy": {"horizontal": 0.27, "vertical": 0.19}}
{"channel": "measurements", "type": "twr", "time": "2023-09-15T04:57:38.888+00:00", "tag": "1ff", "meas": [["ab0", 4.94, -84], ["b00", 1.86, -108], ["aa0", 7.95, -108], ["ae0", 14.19, -108], ["ac0", 12.87, -108], ["af0", 13.42, -108], ["b50", 7.36, -108], ["a80", 4.49, -108], ["b80", 4.52, -108]]}
{"channel": "solution", "tag": "1ff", "time": "2023-09-15T04:57:38.888+00:00", "validity": "f", "type": "9", "position_lcl": [-0.82, -5.47, 1.65], "position_trf": null, "velocity": {"speed": 0.53, "vertical": -0.01, "heading_lcl": [105.25], "heading_trf": null}, "accuracy": {"horizontal": 0.28, "vertical": 0.22}}
{"channel": "measurements", "type": "twr", "time": "2023-09-15T04:57:39.889+00:00", "tag": "1ff", "meas": [["ab0", 5.13, -85], ["b00", 2.33, -108], ["aa0", 7.66, -108], ["ae0", 14.13, -108], ["ac0", 13.05, -108], ["af0", 12.04, -108], ["b50", 7.47, -108], ["a80", 4.87, -108], ["b80", 4.79, -108]]}
{"channel": "solution", "tag": "1ff", "time": "2023-09-15T04:57:39.889+00:00", "validity": "f", "type": "9", "position_lcl": [-0.33, -5.41, 1.64], "position_trf": null, "velocity": {"speed": 0.5, "vertical": -0.01, "heading_lcl": [83.08], "heading_trf": null}, "accuracy": {"horizontal": 0.28, "vertical": 0.26}}
{"channel": "measurements", "type": "twr", "time": "2023-09-15T04:57:40.890+00:00", "tag": "1ff", "meas": [["ab0", 5.28, -85], ["b00", 2.82, -108], ["aa0", 7.32, -108], ["ae0", 13.64, -108], ["ac0", 13.13, -108], ["af0", 12.48, -108], ["b50", 7.48, -108], ["a80", 4.76, -108], ["b80", 5.58, -108]]}
{"channel": "solution", "tag": "1ff", "time": "2023-09-15T04:57:40.890+00:00", "validity": "f", "type": "9", "position_lcl": [0.17, -5.2, 1.64], "position_trf": null, "velocity": {"speed": 0.55, "vertical": -0.01, "heading_lcl": [66.73], "heading_trf": null}, "accuracy": {"horizontal": 0.27, "vertical": 0.31}}
{"channel": "measurements", "type": "twr", "time": "2023-09-15T04:57:41.888+00:00", "tag": "1ff", "meas": [["ab0", 5.2, -84], ["b00", 3.09, -108], ["aa0", 6.91, -108], ["ae0", 13.12, -108], ["ac0", 12.96, -108], ["af0", 10.92, -108], ["b50", 7.31, -108], ["a80", 5.05, -108], ["b80", 6.13, -108]]}
{"channel": "solution", "tag": "1ff", "time": "2023-09-15T04:57:41.888+00:00", "validity": "f", "type": "9", "position_lcl": [0.53, -4.8, 1.64], "position_trf": null, "velocity": {"speed": 0.55, "vertical": -0.0, "heading_lcl": [40.82], "heading_trf": null}, "accuracy": {"horizontal": 0.25, "vertical": 0.34}}
{"channel": "measurements", "type": "twr", "time": "2023-09-15T04:57:42.890+00:00", "tag": "1ff", "meas": [["ab0", 5.05, -85], ["b00", 3.27, -108], ["aa0", 6.29, -108], ["ae0", 12.21, -108], ["ac0", 13.11, -108], ["af0", 10.15, -108], ["b50", 6.97, -108], ["a80", 4.99, -108], ["b80", 8.63, -108]]}
{"channel": "solution", "tag": "1ff", "time": "2023-09-15T04:57:42.890+00:00", "validity": "f", "type": "9", "position_lcl": [0.8, -4.33, 1.78], "position_trf": null, "velocity": {"speed": 0.57, "vertical": 0.02, "heading_lcl": [26.73], "heading_trf": null}, "accuracy": {"horizontal": 0.22, "vertical": 0.37}}
{"channel": "measurements", "type": "twr", "time": "2023-09-15T04:57:43.889+00:00", "tag": "1ff", "meas": [["ab0", 4.76, -84], ["b00", 3.4, -108], ["aa0", 5.75, -108], ["ae0", 11.63, -108], ["ac0", 12.49, -108], ["af0", 9.76, -108], ["b50", 6.6, -108], ["a80", 4.95, -108], ["b80", 7.63, -108]]}
{"channel": "solution", "tag": "1ff", "time": "2023-09-15T04:57:43.889+00:00", "validity": "f", "type": "9", "position_lcl": [0.83, -3.79, 1.94], "position_trf": null, "velocity": {"speed": 0.57, "vertical": 0.05, "heading_lcl": [357.7], "heading_trf": null}, "accuracy": {"horizontal": 0.2, "vertical": 0.4}}
{"channel": "measurements", "type": "twr", "time": "2023-09-15T04:57:44.890+00:00", "tag": "1ff", "meas": [["ab0", 4.51, -82], ["b00", 3.72, -108], ["aa0", 5.11, -108], ["ae0", 11.23, -108], ["ac0", 12.19, -108], ["af0", 9.05, -108], ["b50", 6.02, -108], ["a80", 5.02, -108], ["b80", 8.58, -108]]}
{"channel": "solution", "tag": "1ff", "time": "2023-09-15T04:57:44.890+00:00", "validity": "f", "type": "9", "position_lcl": [0.78, -3.26, 2.11], "position_trf": null, "velocity": {"speed": 0.59, "vertical": 0.06, "heading_lcl": [350.47], "heading_trf": null}, "accuracy": {"horizontal": 0.18, "vertical": 0.43}}
{"channel": "measurements", "type": "twr", "time": "2023-09-15T04:57:45.888+00:00", "tag": "1ff", "meas": [["ab0", 4.22, -82], ["b00", 4.2, -108], ["aa0", 4.41, -108], ["ae0", 10.51, -108], ["ac0", 11.17, -108], ["af0", 8.68, -108], ["b50", 5.52, -108], ["a80", 5.21, -108], ["b80", 8.47, -108]]}
{"channel": "solution", "tag": "1ff", "time": "2023-09-15T04:57:45.888+00:00", "validity": "f", "type": "9", "position_lcl": [0.65, -2.67, 2.21], "position_trf": null, "velocity": {"speed": 0.67, "vertical": 0.06, "heading_lcl": [347.05], "heading_trf": null}, "accuracy": {"horizontal": 0.16, "vertical": 0.44}}
{"channel": "measurements", "type": "twr", "time": "2023-09-15T04:57:46.888+00:00", "tag": "1ff", "meas": [["ab0", 4.46, -85], ["b00", 4.84, -108], ["aa0", 3.8, -108], ["ae0", 9.73, -108], ["ac0", 10.78, -108], ["af0", 7.93, -108], ["b50", 5.06, -108], ["a80", 5.44, -108], ["b80", 9.92, -108]]}
{"channel": "solution", "tag": "1ff", "time": "2023-09-15T04:57:46.888+00:00", "validity": "f", "type": "9", "position_lcl": [0.52, -2.03, 2.28], "position_trf": null, "velocity": {"speed": 0.74, "vertical": 0.05, "heading_lcl": [350.13], "heading_trf": null}, "accuracy": {"horizontal": 0.16, "vertical": 0.48}}
{"channel": "measurements", "type": "twr", "time": "2023-09-15T04:57:47.889+00:00", "tag": "1ff", "meas": [["ab0", 4.1, -87], ["b00", 5.18, -108], ["aa0", 3.19, -108], ["ae0", 8.99, -108], ["ac0", 10.39, -108], ["af0", 6.83, -108], ["b50", 4.63, -108], ["a80", 5.85, -108], ["b80", 10.28, -108]]}
{"channel": "solution", "tag": "1ff", "time": "2023-09-15T04:57:47.889+00:00", "validity": "f", "type": "9", "position_lcl": [0.43, -1.32, 2.27], "position_trf": null, "velocity": {"speed": 0.78, "vertical": 0.03, "heading_lcl": [353.03], "heading_trf": null}, "accuracy": {"horizontal": 0.17, "vertical": 0.49}}
{"channel": "measurements", "type": "twr", "time": "2023-09-15T04:57:48.890+00:00", "tag": "1ff", "meas": [["ab0", 4.03, -85], ["b00", 5.75, -108], ["aa0", 2.63, -108], ["ae0", 8.58, -108], ["ac0", 9.79, -108], ["af0", 6.36, -108], ["b50", 4.53, -108], ["a80", 6.24, -108], ["b80", 10.84, -108]]}
{"channel": "solution", "tag": "1ff", "time": "2023-09-15T04:57:48.890+00:00", "validity": "f", "type": "9", "position_lcl": [0.3, -0.67, 2.08], "position_trf": null, "velocity": {"speed": 0.71, "vertical": -0.0, "heading_lcl": [347.86], "heading_trf": null}, "accuracy": {"horizontal": 0.19, "vertical": 0.5}}
{"channel": "measurements", "type": "twr", "time": "2023-09-15T04:57:49.888+00:00", "tag": "1ff", "meas": [["ab0", 4.7, -83], ["b00", 6.32, -108], ["aa0", 2.08, -108], ["ae0", 7.96, -108], ["ac0", 9.48, -108], ["af0", 5.63, -108], ["b50", 5.21, -108], ["a80", 6.77, -108], ["b80", 12.19, -108]]}
{"channel": "solution", "tag": "1ff", "time": "2023-09-15T04:57:49.888+00:00", "validity": "f", "type": "9", "position_lcl": [0.27, -0.04, 2.19], "position_trf": null, "velocity": {"speed": 0.66, "vertical": 0.01, "heading_lcl": [0.34], "heading_trf": null}, "accuracy": {"horizontal": 0.2, "vertical": 0.52}}
{"channel": "measurements", "type": "twr", "time": "2023-09-15T04:57:50.888+00:00", "tag": "1ff", "meas": [["ab0", 4.58, -83], ["b00", 6.97, -108], ["aa0", 1.64, -108], ["ae0", 7.18, -108], ["ac0", 9.14, -108], ["af0", 5.16, -108], ["b50", 4.29, -108], ["a80", 8.15, -108], ["b80", 12.3, -108]]}
{"channel": "solution", "tag": "1ff", "time": "2023-09-15T04:57:50.888+00:00", "validity": "f", "type": "9", "position_lcl": [0.23, 0.59, 1.9], "position_trf": null, "velocity": {"speed": 0.7, "vertical": -0.03, "heading_lcl": [357.05], "heading_trf": null}, "accuracy": {"horizontal": 0.2, "vertical": 0.52}}
{"channel": "measurements", "type": "twr", "time": "2023-09-15T04:57:51.888+00:00", "tag": "1ff", "meas": [["ab0", 4.95, -82], ["b00", 7.64, -108], ["aa0", 1.47, -108], ["ae0", 6.43, -108], ["ac0", 8.93, -108], ["af0", 4.6, -108], ["b50", 4.33, -108], ["a80", 8.45, -108], ["b80", 12.89, -108]]}
{"channel": "solution", "tag": "1ff", "time": "2023-09-15T04:57:51.888+00:00", "validity": "f", "type": "9", "position_lcl": [0.22, 1.25, 2.05], "position_trf": null, "velocity": {"speed": 0.7, "vertical": -0.0, "heading_lcl": [1.16], "heading_trf": null}, "accuracy": {"horizontal": 0.19, "vertical": 0.54}}
{"channel": "measurements", "type": "twr", "time": "2023-09-15T04:57:52.889+00:00", "tag": "1ff", "meas": [["ab0", 5.37, -84], ["b00", 8.7, -108], ["aa0", 1.29, -108], ["ae0", 5.8, -108], ["ac0", 8.69, -108], ["af0", 4.22, -108], ["b50", 4.54, -108], ["a80", 8.4, -108], ["b80", 13.99, -108]]}
{"channel": "solution", "tag": "1ff", "time": "2023-09-15T04:57:52.889+00:00", "validity": "f", "type": "9", "position_lcl": [0.17, 1.87, 1.78], "position_trf": null, "velocity": {"speed": 0.68, "vertical": -0.03, "heading_lcl": [359.82], "heading_trf": null}, "accuracy": {"horizontal": 0.19, "vertical": 0.56}}
{"channel": "measurements", "type": "twr", "time": "2023-09-15T04:57:53.888+00:00", "tag": "1ff", "meas": [["ab0", 5.78, -84], ["b00", 8.92, -108], ["aa0", 1.55, -108], ["ae0", 5.2, -108], ["ac0", 8.63, -108], ["af0", 3.93, -108], ["b50", 4.7, -108], ["a80", 8.78, -108], ["b80", 15.21, -108]]}
{"channel": "solution", "tag": "1ff", "time": "2023-09-15T04:57:53.888+00:00", "validity": "f", "type": "9", "position_lcl": [0.17, 2.44, 2.12], "position_trf": null, "velocity": {"speed": 0.59, "vertical": 0.01, "heading_lcl": [2.01], "heading_trf": null}, "accuracy": {"horizontal": 0.18, "vertical": 0.55}}
{"channel": "measurements", "type": "twr", "time": "2023-09-15T04:57:54.890+00:00", "tag": "1ff", "meas": [["ab0", 6.01, -84], ["b00", 9.03, -108], ["aa0", 2.4, -108], ["ae0", 5.13, -108], ["ac0", 8.4, -108], ["af0", 4.02, -108], ["b50", 5.03, -108], ["a80", 9.22, -108], ["b80", 15.09, -108]]}
{"channel": "solution", "tag": "1ff", "time": "2023-09-15T04:57:54.890+00:00", "validity": "f", "type": "9", "position_lcl": [0.12, 2.91, 2.06], "position_trf": null, "velocity": {"speed": 0.48, "vertical": 0.0, "heading_lcl": [353.96], "heading_trf": null}, "accuracy": {"horizontal": 0.18, "vertical": 0.57}}
{"channel": "measurements", "type": "twr", "time": "2023-09-15T04:57:55.890+00:00", "tag": "1ff", "meas": [["ab0", 5.78, -85], ["b00", 9.09, -108], ["aa0", 3.03, -108], ["ae0", 5.84, -108], ["ac0", 7.94, -108], ["af0", 5.12, -108], ["b50", 4.48, -108], ["a80", 8.81, -108], ["b80", 13.89, -108]]}
{"channel": "solution", "tag": "1ff", "time": "2023-09-15T04:57:55.890+00:00", "validity": "f", "type": "9", "position_lcl": [-0.21, 3.21, 2.06], "position_trf": null, "velocity": {"speed": 0.49, "vertical": 0.0, "heading_lcl": [305.3], "heading_trf": null}, "accuracy": {"horizontal": 0.2, "vertical": 0.59}}
{"channel": "measurements", "type": "twr", "time": "2023-09-15T04:57:56.889+00:00", "tag": "1ff", "meas": [["ab0", 5.43, -84], ["b00", 8.87, -108], ["aa0", 3.49, -108], ["ae0", 5.32, -108], ["ac0", 7.48, -108], ["af0", 5.96, -108], ["b50", 3.96, -108], ["a80", 8.39, -108], ["b80", 14.17, -108]]}
{"channel": "solution", "tag": "1ff", "time": "2023-09-15T04:57:56.889+00:00", "validity": "f", "type": "9", "position_lcl": [-0.73, 3.26, 2.07], "position_trf": null, "velocity": {"speed": 0.54, "vertical": 0.0, "heading_lcl": [276.15999999999997], "heading_trf": null}, "accuracy": {"horizontal": 0.22, "vertical": 0.6}}
{"channel": "measurements", "type": "twr", "time": "2023-09-15T04:57:57.890+00:00", "tag": "1ff", "meas": [["ab0", 5.07, -83], ["b00", 8.44, -108], ["aa0", 3.39, -108], ["ae0", 8.73, -108], ["ac0", 7.26, -108], ["af0", 5.37, -108], ["b50", 3.35, -108], ["a80", 7.94, -108], ["b80", 13.66, -108]]}
{"channel": "solution", "tag": "1ff", "time": "2023-09-15T04:57:57.890+00:00", "validity": "f", "type": "9", "position_lcl": [-1.13, 3.01, 2.09], "position_trf": null, "velocity": {"speed": 0.49, "vertical": 0.0, "heading_lcl": [240.7], "heading_trf": null}, "accuracy": {"horizontal": 0.21, "vertical": 0.62}}
{"channel": "measurements", "type": "twr", "time": "2023-09-15T04:57:58.890+00:00", "tag": "1ff", "meas": [["ab0", 4.52, -83], ["b00", 7.88, -108], ["aa0", 3.16, -108], ["ae0", 9.1, -108], ["ac0", 7.27, -108], ["af0", 5.48, -108], ["b50", 3.14, -108], ["a80", 7.59, -108], ["b80", 12.81, -108]]}
{"channel": "solution", "tag": "1ff", "time": "2023-09-15T04:57:58.890+00:00", "validity": "f", "type": "9", "position_lcl": [-1.32, 2.6, 2.0], "position_trf": null, "velocity": {"speed": 0.49, "vertical": -0.01, "heading_lcl": [204.02], "heading_trf": null}, "accuracy": {"horizontal": 0.19, "vertical": 0.62}}
{"channel": "measurements", "type": "twr", "time": "2023-09-15T04:57:59.888+00:00", "tag": "1ff", "meas": [["ab0", 4.06, -82], ["b00", 7.26, -108], ["aa0", 2.87, -108], ["ae0", 7.55, -108], ["ac0", 7.59, -108], ["af0", 5.64, -108], ["b50", 3.11, -108], ["a80", 7.06, -108], ["b80", 12.29, -108]]}
{"channel": "solution", "tag": "1ff", "time": "2023-09-15T04:57:59.888+00:00", "validity": "f", "type": "9", "position_lcl": [-1.25, 2.08, 2.05], "position_trf": null, "velocity": {"speed": 0.56, "vertical": -0.0, "heading_lcl": [170.35], "heading_trf": null}, "accuracy": {"horizontal": 0.19, "vertical": 0.62}}
{"channel": "measurements", "type": "twr", "time": "2023-09-15T04:58:00.890+00:00", "tag": "1ff", "meas": [["ab0", 3.49, -82], ["b00", 6.56, -108], ["aa0", 2.92, -108], ["ae0", 9.82, -108], ["ac0", 7.92, -108], ["af0", 6.03, -108], ["b50", 3.29, -108], ["a80", 6.56, -108], ["b80", 11.34, -108]]}
{"channel": "solution", "tag": "1ff", "time": "2023-09-15T04:58:00.890+00:00", "validity": "f", "type": "9", "position_lcl": [-1.1, 1.52, 1.86], "position_trf": null, "velocity": {"speed": 0.65, "vertical": -0.02, "heading_lcl": [165.54], "heading_trf": null}, "accuracy": {"horizontal": 0.19, "vertical": 0.61}}
{"channel": "measurements", "type": "twr", "time": "2023-09-15T04:58:01.890+00:00", "tag": "1ff", "meas": [["ab0", 3.15, -82], ["b00", 5.97, -108], ["aa0", 3.07, -108], ["ae0", 9.68, -108], ["ac0", 8.3, -108], ["af0", 6.61, -108], ["b50", 3.06, -108], ["a80", 6.02, -108], ["b80", 10.96, -108]]}
{"channel": "solution", "tag": "1ff", "time": "2023-09-15T04:58:01.890+00:00", "validity": "f", "type": "9", "position_lcl": [-0.93, 0.92, 2.09], "position_trf": null, "velocity": {"speed": 0.65, "vertical": 0.01, "heading_lcl": [163.62], "heading_trf": null}, "accuracy": {"horizontal": 0.19, "vertical": 0.59}}
{"channel": "measurements", "type": "twr", "time": "2023-09-15T04:58:02.890+00:00", "tag": "1ff", "meas": [["ab0", 2.66, -81], ["b00", 5.35, -108], ["aa0", 3.74, -108], ["ae0", 12.62, -108], ["ac0", 8.55, -108], ["af0", 7.48, -108], ["b50", 2.81, -108], ["a80", 5.33, -108], ["b80", 10.72, -108]]}
{"channel": "solution", "tag": "1ff", "time": "2023-09-15T04:58:02.890+00:00", "validity": "f", "type": "9", "position_lcl": [-1.04, 0.34, 1.99], "position_trf": null, "velocity": {"speed": 0.65, "vertical": -0.0, "heading_lcl": [193.87], "heading_trf": null}, "accuracy": {"horizontal": 0.18, "vertical": 0.57}}
{"channel": "measurements", "type": "twr", "time": "2023-09-15T04:58:03.890+00:00", "tag": "1ff", "meas": [["ab0", 2.2, -82], ["b00", 4.69, -108], ["aa0", 4.32, -108], ["ae0", 11.73, -108], ["ac0", 8.76, -108], ["af0", 7.68, -108], ["b50", 2.85, -108], ["a80", 4.74, -108], ["b80", 9.88, -108]]}
{"channel": "solution", "tag": "1ff", "time": "2023-09-15T04:58:03.890+00:00", "validity": "f", "type": "9", "position_lcl": [-1.23, -0.22, 2.2], "position_trf": null, "velocity": {"speed": 0.64, "vertical": 0.02, "heading_lcl": [200.33], "heading_trf": null}, "accuracy": {"horizontal": 0.18, "vertical": 0.55}}
{"channel": "measurements", "type": "twr", "time": "2023-09-15T04:58:04.890+00:00", "tag": "1ff", "meas": [["ab0", 1.92, -80], ["b00", 4.11, -108], ["aa0", 5.06, -108], ["ae0", 10.68, -108], ["ac0", 8.81, -108], ["af0", 8.43, -108], ["b50", 3.03, -108], ["a80", 4.1, -108], ["b80", 8.96, -108]]}
{"channel": "solution", "tag": "1ff", "time": "2023-09-15T04:58:04.890+00:00", "validity": "f", "type": "9", "position_lcl": [-1.45, -0.8, 2.13], "position_trf": null, "velocity": {"speed": 0.69, "vertical": 0.01, "heading_lcl": [203.31], "heading_trf": null}, "accuracy": {"horizontal": 0.17, "vertical": 0.48}}
{"channel": "measurements", "type": "twr", "time": "2023-09-15T04:58:05.890+00:00", "tag": "1ff", "meas": [["ab0", 1.44, -81], ["b00", 3.51, -108], ["aa0", 5.74, -108], ["ae0", 12.42, -108], ["ac0", 9.06, -108], ["af0", 10.53, -108], ["b50", 3.25, -108], ["a80", 3.48, -108], ["b80", 8.71, -108]]}
{"channel": "solution", "tag": "1ff", "time": "2023-09-15T04:58:05.890+00:00", "validity": "f", "type": "9", "position_lcl": [-1.71, -1.4, 2.15], "position_trf": null, "velocity": {"speed": 0.74, "vertical": 0.01, "heading_lcl": [206.04], "heading_trf": null}, "accuracy": {"horizontal": 0.17, "vertical": 0.45}}
{"channel": "measurements", "type": "twr", "time": "2023-09-15T04:58:06.890+00:00", "tag": "1ff", "meas": [["ab0", 1.41, -82], ["b00", 2.87, -108], ["aa0", 8.27, -108], ["ae0", 12.56, -108], ["ac0", 9.3, -108], ["af0", 11.5, -108], ["b50", 3.59, -108], ["a80", 2.82, -108], ["b80", 8.03, -108]]}
{"channel": "solution", "tag": "1ff", "time": "2023-09-15T04:58:06.890+00:00", "validity": "f", "type": "9", "position_lcl": [-2.23, -2.04, 2.16], "position_trf": null, "velocity": {"speed": 0.89, "vertical": 0.0, "heading_lcl": [223.78], "heading_trf": null}, "accuracy": {"horizontal": 0.21, "vertical": 0.43}}
{"channel": "measurements", "type": "twr", "time": "2023-09-15T04:58:07.889+00:00", "tag": "1ff", "meas": [["ab0", 1.48, -81], ["b00", 2.54, -108], ["aa0", 7.77, -108], ["ae0", 13.62, -108], ["ac0", 9.56, -108], ["af0", 12.07, -108], ["b50", 4.06, -108], ["a80", 2.69, -108], ["b80", 7.52, -108]]}
{"channel": "solution", "tag": "1ff", "time": "2023-09-15T04:58:07.889+00:00", "validity": "f", "type": "9", "position_lcl": [-2.46, -2.8, 1.81], "position_trf": null, "velocity": {"speed": 0.82, "vertical": -0.04, "heading_lcl": [196.98], "heading_trf": null}, "accuracy": {"horizontal": 0.29, "vertical": 0.4}}
{"channel": "measurements", "type": "twr", "time": "2023-09-15T04:58:08.890+00:00", "tag": "1ff", "meas": [["ab0", 1.94, -83], ["b00", 1.93, -108], ["aa0", 7.44, -108], ["ae0", 16.17, -108], ["ac0", 9.83, -108], ["af0", 11.32, -108], ["b50", 4.59, -108], ["a80", 1.87, -108], ["b80", 7.2, -108]]}
{"channel": "solution", "tag": "1ff", "time": "2023-09-15T04:58:08.890+00:00", "validity": "f", "type": "9", "position_lcl": [-2.49, -3.2, 1.99], "position_trf": null, "velocity": {"speed": 0.51, "vertical": -0.0, "heading_lcl": [178.26], "heading_trf": null}, "accuracy": {"horizontal": 0.28, "vertical": 0.37}}
{"channel": "measurements", "type": "twr", "time": "2023-09-15T04:58:09.890+00:00", "tag": "1ff", "meas": [["ab0", 2.89, -91], ["b00", 1.74, -108], ["aa0", 8.17, -108], ["ae0", 15.83, -108], ["ac0", 10.22, -108], ["af0", 13.33, -108], ["b50", 9.35, -108], ["a80", 1.74, -108], ["b80", 6.73, -108]]}
{"channel": "solution", "tag": "1ff", "time": "2023-09-15T04:58:09.890+00:00", "validity": "f", "type": "9", "position_lcl": [-2.76, -3.61, 2.05], "position_trf": null, "velocity": {"speed": 0.6, "vertical": 0.01, "heading_lcl": [207.85], "heading_trf": null}, "accuracy": {"horizontal": 0.25, "vertical": 0.36}}
{"channel": "measurements", "type": "twr", "time": "2023-09-15T04:58:10.890+00:00", "tag": "1ff", "meas": [["ab0", 3.28, -87], ["b00", 1.76, -108], ["aa0", 8.59, -108], ["ae0", 15.09, -108], ["ac0", 10.83, -108], ["af0", 12.01, -108], ["b50", 5.92, -108], ["a80", 1.88, -108], ["b80", 6.18, -108]]}
{"channel": "solution", "tag": "1ff", "time": "2023-09-15T04:58:10.890+00:00", "validity": "f", "type": "9", "position_lcl": [-2.78, -4.19, 1.8], "position_trf": null, "velocity": {"speed": 0.61, "vertical": -0.03, "heading_lcl": [183.96], "heading_trf": null}, "accuracy": {"horizontal": 0.25, "vertical": 0.35}}
{"channel": "measurements", "type": "twr", "time": "2023-09-15T04:58:11.888+00:00", "tag": "1ff", "meas": [["ab0", 3.85, -89], ["b00", 1.5, -108], ["aa0", 8.53, -108], ["ae0", 14.12, -108], ["ac0", 14.12, -108], ["af0", 12.17, -108], ["b50", 6.2, -108], ["a80", 2.13, -108], ["b80", 5.69, -108]]}
{"channel": "solution", "tag": "1ff", "time": "2023-09-15T04:58:11.888+00:00", "validity": "f", "type": "9", "position_lcl": [-2.57, -4.71, 1.62], "position_trf": null, "velocity": {"speed": 0.59, "vertical": -0.06, "heading_lcl": [159.45], "heading_trf": null}, "accuracy": {"horizontal": 0.24, "vertical": 0.28}}
{"channel": "measurements", "type": "twr", "time": "2023-09-15T04:58:12.890+00:00", "tag": "1ff", "meas": [["ab0", 4.08, -85], ["b00", 1.02, -108], ["aa0", 8.44, -108], ["ae0", 14.38, -108], ["ac0", 11.88, -108], ["af0", 12.12, -108], ["b50", 6.69, -108], ["a80", 3.87, -108], ["b80", 5.2, -108]]}
{"channel": "solution", "tag": "1ff", "time": "2023-09-15T04:58:12.890+00:00", "validity": "f", "type": "9", "position_lcl": [-2.1, -5.04, 1.7], "position_trf": null, "velocity": {"speed": 0.6, "vertical": -0.02, "heading_lcl": [127.88], "heading_trf": null}, "accuracy": {"horizontal": 0.23, "vertical": 0.2}}
{"channel": "measurements", "type": "twr", "time": "2023-09-15T04:58:13.890+00:00", "tag": "1ff", "meas": [["ab0", 4.29, -84], ["b00", 1.31, -108], ["aa0", 8.3, -108], ["ae0", 14.32, -108], ["ac0", 12.2, -108], ["af0", 13.1, -108], ["b50", 6.79, -108], ["a80", 3.74, -108], ["b80", 4.78, -108]]}
{"channel": "solution", "tag": "1ff", "time": "2023-09-15T04:58:13.890+00:00", "validity": "f", "type": "9", "position_lcl": [-1.63, -5.25, 1.64], "position_trf": null, "velocity": {"speed": 0.53, "vertical": -0.03, "heading_lcl": [116.92], "heading_trf": null}, "accuracy": {"horizontal": 0.26, "vertical": 0.19}}
{"channel": "measurements", "type": "twr", "time": "2023-09-15T04:58:14.890+00:00", "tag": "1ff", "meas": [["ab0", 4.67, -84], ["b00", 1.66, -108], ["aa0", 8.05, -108], ["ae0", 14.26, -108], ["ac0", 12.89, -108], ["af0", 14.17, -108], ["b50", 7.1, -108], ["a80", 4.09, -108], ["b80", 4.66, -108]]}
{"channel": "solution", "tag": "1ff", "time": "2023-09-15T04:58:14.890+00:00", "validity": "f", "type": "9", "position_lcl": [-1.13, -5.3, 1.62], "position_trf": null, "velocity": {"speed": 0.51, "vertical": -0.02, "heading_lcl": [97.7], "heading_trf": null}, "accuracy": {"horizontal": 0.28, "vertical": 0.21}}
{"channel": "measurements", "type": "twr", "time": "2023-09-15T04:58:15.890+00:00", "tag": "1ff", "meas": [["ab0", 5.04, -84], ["b00", 2.07, -108], ["aa0", 7.73, -108], ["ae0", 14.16, -108], ["ac0", 13.0, -108], ["af0", 15.68, -108], ["b50", 7.31, -108], ["a80", 4.25, -108], ["b80", 4.72, -108]]}
{"channel": "solution", "tag": "1ff", "time": "2023-09-15T04:58:15.890+00:00", "validity": "f", "type": "9", "position_lcl": [-0.6, -5.31, 1.63], "position_trf": null, "velocity": {"speed": 0.53, "vertical": -0.01, "heading_lcl": [92.92], "heading_trf": null}, "accuracy": {"horizontal": 0.29, "vertical": 0.24}}
{"channel": "measurements", "type": "twr", "time": "2023-09-15T04:58:16.888+00:00", "tag": "1ff", "meas": [["ab0", 5.18, -85], ["b00", 2.71, -108], ["aa0", 7.3, -108], ["ae0", 14.8, -108], ["ac0", 12.99, -108], ["af0", 12.08, -108], ["b50", 7.37, -108], ["a80", 4.48, -108], ["b80", 4.99, -108]]}
{"channel": "solution", "tag": "1ff", "time": "2023-09-15T04:58:16.888+00:00", "validity": "f", "type": "9", "position_lcl": [-0.1, -5.21, 1.62], "position_trf": null, "velocity": {"speed": 0.51, "vertical": -0.01, "heading_lcl": [78.73], "heading_trf": null}, "accuracy": {"horizontal": 0.27, "vertical": 0.29}}
{"channel": "measurements", "type": "twr", "time": "2023-09-15T04:58:17.890+00:00", "tag": "1ff", "meas": [["ab0", 5.4, -82], ["b00", 3.19, -108], ["aa0", 6.93, -108], ["ae0", 13.19, -108], ["ac0", 12.97, -108], ["af0", 13.61, -108], ["b50", 7.37, -108], ["a80", 4.9, -108], ["b80", 6.06, -108]]}
{"channel": "solution", "tag": "1ff", "time": "2023-09-15T04:58:17.890+00:00", "validity": "f", "type": "9", "position_lcl": [0.4, -4.92, 1.64], "position_trf": null, "velocity": {"speed": 0.59, "vertical": -0.0, "heading_lcl": [59.65], "heading_trf": null}, "accuracy": {"horizontal": 0.26, "vertical": 0.34}}
{"channel": "measurements", "type": "twr", "time": "2023-09-15T04:58:18.890+00:00", "tag": "1ff", "meas": [["ab0", 5.39, -84], ["b00", 3.33, -108], ["aa0", 6.31, -108], ["ae0", 12.71, -108], ["ac0", 12.9, -108], ["af0", 10.94, -108], ["b50", 7.12, -108], ["a80", 5.04, -108], ["b80", 7.54, -108]]}
{"channel": "solution", "tag": "1ff", "time": "2023-09-15T04:58:18.890+00:00", "validity": "f", "type": "9", "position_lcl": [0.8, -4.47, 1.78], "position_trf": null, "velocity": {"speed": 0.62, "vertical": 0.03, "heading_lcl": [37.94], "heading_trf": null}, "accuracy": {"horizontal": 0.24, "vertical": 0.37}}
{"channel": "measurements", "type": "twr", "time": "2023-09-15T04:58:19.890+00:00", "tag": "1ff", "meas": [["ab0", 5.58, -83], ["b00", 3.65, -108], ["aa0", 5.72, -108], ["ae0", 12.01, -108], ["ac0", 12.55, -108], ["af0", 9.72, -108], ["b50", 6.89, -108], ["a80", 5.17, -108], ["b80", 7.89, -108]]}
{"channel": "solution", "tag": "1ff", "time": "2023-09-15T04:58:19.890+00:00", "validity": "f", "type": "9", "position_lcl": [1.01, -3.94, 1.96], "position_trf": null, "velocity": {"speed": 0.59, "vertical": 0.05, "heading_lcl": [18.78], "heading_trf": null}, "accuracy": {"horizontal": 0.21, "vertical": 0.41}}
{"channel": "measurements", "type": "twr", "time": "2023-09-15T04:58:20.890+00:00", "tag": "1ff", "meas": [["ab0", 4.93, -83], ["b00", 3.87, -108], ["aa0", 5.13, -108], ["ae0", 11.45, -108], ["ac0", 12.21, -108], ["af0", 9.23, -108], ["b50", 6.51, -108], ["a80", 5.25, -108], ["b80", 8.2, -108]]}
{"channel": "solution", "tag": "1ff", "time": "2023-09-15T04:58:20.890+00:00", "validity": "f", "type": "9", "position_lcl": [1.08, -3.4, 2.12], "position_trf": null, "velocity": {"speed": 0.57, "vertical": 0.06, "heading_lcl": [2.94], "heading_trf": null}, "accuracy": {"horizontal": 0.19, "vertical": 0.45}}
{"channel": "measurements", "type": "twr", "time": "2023-09-15T04:58:21.888+00:00", "tag": "1ff", "meas": [["ab0", 4.66, -83], ["b00", 4.15, -108], ["aa0", 4.59, -108], ["ae0", 10.77, -108], ["ac0", 11.66, -108], ["af0", 8.85, -108], ["b50", 5.98, -108], ["a80", 5.35, -108], ["b80", 8.11, -108]]}
{"channel": "solution", "tag": "1ff", "time": "2023-09-15T04:58:21.888+00:00", "validity": "f", "type": "9", "position_lcl": [1.02, -2.86, 2.2], "position_trf": null, "velocity": {"speed": 0.59, "vertical": 0.06, "heading_lcl": [352.16], "heading_trf": null}, "accuracy": {"horizontal": 0.17, "vertical": 0.46}}
{"channel": "measurements", "type": "twr", "time": "2023-09-15T04:58:22.890+00:00", "tag": "1ff", "meas": [["ab0", 5.19, -85], ["b00", 4.64, -108], ["aa0", 4.06, -108], ["ae0", 10.16, -108], ["ac0", 11.48, -108], ["af0", 7.78, -108], ["b50", 5.42, -108], ["a80", 5.44, -108], ["b80", 10.53, -108]]}
{"channel": "solution", "tag": "1ff", "time": "2023-09-15T04:58:22.890+00:00", "validity": "f", "type": "9", "position_lcl": [0.89, -2.3, 2.3], "position_trf": null, "velocity": {"speed": 0.64, "vertical": 0.05, "heading_lcl": [347.37], "heading_trf": null}, "accuracy": {"horizontal": 0.16, "vertical": 0.51}}
{"channel": "measurements", "type": "twr", "time": "2023-09-15T04:58:23.888+00:00", "tag": "1ff", "meas": [["ab0", 4.15, -84], ["b00", 5.44, -108], ["aa0", 3.5, -108], ["ae0", 9.97, -108], ["ac0", 10.62, -108], ["af0", 7.24, -108], ["b50", 5.04, -108], ["a80", 5.67, -108], ["b80", 9.89, -108]]}
{"channel": "solution", "tag": "1ff", "time": "2023-09-15T04:58:23.888+00:00", "validity": "f", "type": "9", "position_lcl": [0.72, -1.68, 2.23], "position_trf": null, "velocity": {"speed": 0.73, "vertical": 0.03, "heading_lcl": [346.02], "heading_trf": null}, "accuracy": {"horizontal": 0.17, "vertical": 0.52}}
{"channel": "measurements", "type": "twr", "time": "2023-09-15T04:58:24.890+00:00", "tag": "1ff", "meas": [["ab0", 4.11, -83], ["b00", 5.48, -108], ["aa0", 2.91, -108], ["ae0", 8.88, -108], ["ac0", 10.3, -108], ["af0", 6.61, -108], ["b50", 4.78, -108], ["a80", 6.08, -108], ["b80", 11.37, -108]]}
{"channel": "solution", "tag": "1ff", "time": "2023-09-15T04:58:24.890+00:00", "validity": "f", "type": "9", "position_lcl": [0.56, -1.03, 2.15], "position_trf": null, "velocity": {"speed": 0.72, "vertical": 0.01, "heading_lcl": [347.61], "heading_trf": null}, "accuracy": {"horizontal": 0.18, "vertical": 0.53}}
{"channel": "measurements", "type": "twr", "time": "2023-09-15T04:58:25.888+00:00", "tag": "1ff", "meas": [["ab0", 4.12, -83], ["b00", 5.96, -108], ["aa0", 2.54, -108], ["ae0", 8.43, -108], ["ac0", 9.94, -108], ["af0", 6.12, -108], ["b50", 4.83, -108], ["a80", 6.36, -108], ["b80", 11.55, -108]]}
{"channel": "solution", "tag": "1ff", "time": "2023-09-15T04:58:25.888+00:00", "validity": "f", "type": "9", "position_lcl": [0.43, -0.45, 2.07], "position_trf": null, "velocity": {"speed": 0.62, "vertical": -0.01, "heading_lcl": [349.31], "heading_trf": null}, "accuracy": {"horizontal": 0.21, "vertical": 0.54}}
{"channel": "measurements", "type": "twr", "time": "2023-09-15T04:58:26.888+00:00", "tag": "1ff", "meas": [["ab0", 4.52, -83], ["b00", 6.78, -108], ["aa0", 1.93, -108], ["ae0", 7.65, -108], ["ac0", 9.53, -108], ["af0", 5.51, -108], ["b50", 4.69, -108], ["a80", 6.73, -108], ["b80", 10.96, -108]]}
{"channel": "solution", "tag": "1ff", "time": "2023-09-15T04:58:26.888+00:00", "validity": "f", "type": "9", "position_lcl": [0.53, 0.06, 2.08], "position_trf": null, "velocity": {"speed": 0.54, "vertical": -0.01, "heading_lcl": [34.36], "heading_trf": null}, "accuracy": {"horizontal": 0.23, "vertical": 0.56}}
{"channel": "measurements", "type": "twr", "time": "2023-09-15T04:58:27.890+00:00", "tag": "1ff", "meas": [["aa0", 1.64, -82], ["ae0", 7.19, -84], ["ac0", 9.14, -108], ["af0", 5.17, -108], ["b50", 4.4, -108], ["a80", 7.37, -108], ["b80", 12.17, -108]]}
{"channel": "solution", "tag": "1ff", "time": "2023-09-15T04:58:27.890+00:00", "validity": "f", "type": "9", "position_lcl": [0.38, 0.62, 2.06], "position_trf": null, "velocity": {"speed": 0.74, "vertical": -0.01, "heading_lcl": [352.32], "heading_trf": null}, "accuracy": {"horizontal": 0.2, "vertical": 0.59}}
{"channel": "measurements", "type": "twr", "time": "2023-09-15T04:58:28.888+00:00", "tag": "1ff", "meas": [["ab0", 5.18, -83], ["b00", 7.72, -108], ["aa0", 1.41, -108], ["ae0", 6.52, -108], ["ac0", 8.96, -108], ["af0", 4.64, -108], ["b50", 4.49, -108], ["a80", 7.85, -108]]}
{"channel": "solution", "tag": "1ff", "time": "2023-09-15T04:58:28.888+00:00", "validity": "f", "type": "9", "position_lcl": [0.31, 1.27, 2.03], "position_trf": null, "velocity": {"speed": 0.69, "vertical": -0.01, "heading_lcl": [357.87], "heading_trf": null}, "accuracy": {"horizontal": 0.19, "vertical": 0.59}}
{"channel": "measurements", "type": "twr", "time": "2023-09-15T04:58:29.888+00:00", "tag": "1ff", "meas": [["ab0", 6.34, -85], ["b00", 8.34, -108], ["aa0", 1.28, -108], ["ae0", 6.19, -108], ["ac0", 8.86, -108], ["af0", 4.24, -108], ["b50", 4.6, -108], ["a80", 8.4, -108]]}
{"channel": "solution", "tag": "1ff", "time": "2023-09-15T04:58:29.888+00:00", "validity": "f", "type": "9", "position_lcl": [0.25, 1.83, 2.04], "position_trf": null, "velocity": {"speed": 0.59, "vertical": -0.01, "heading_lcl": [357.96], "heading_trf": null}, "accuracy": {"horizontal": 0.19, "vertical": 0.61}}
{"channel": "measurements", "type": "twr", "time": "2023-09-15T04:58:30.890+00:00", "tag": "1ff", "meas": [["ab0", 5.8, -82], ["b00", 8.74, -108], ["aa0", 1.75, -108], ["ae0", 5.82, -108], ["ac0", 8.7, -108], ["af0", 3.86, -108], ["b50", 4.76, -108], ["a80", 8.65, -108]]}
{"channel": "solution", "tag": "1ff", "time": "2023-09-15T04:58:30.890+00:00", "validity": "f", "type": "9", "position_lcl": [0.27, 2.31, 2.03], "position_trf": null, "velocity": {"speed": 0.49, "vertical": -0.01, "heading_lcl": [0.5], "heading_trf": null}, "accuracy": {"horizontal": 0.19, "vertical": 0.62}}
{"channel": "measurements", "type": "twr", "time": "2023-09-15T04:58:31.888+00:00", "tag": "1ff", "meas": [["ab0", 6.05, -85], ["b00", 9.05, -108], ["aa0", 2.16, -108], ["ae0", 4.81, -108], ["ac0", 8.63, -108], ["af0", 3.96, -108], ["b50", 4.76, -108], ["a80", 8.86, -108], ["b80", 14.71, -108]]}
{"channel": "solution", "tag": "1ff", "time": "2023-09-15T04:58:31.888+00:00", "validity": "f", "type": "9", "position_lcl": [0.19, 2.77, 2.12], "position_trf": null, "velocity": {"speed": 0.49, "vertical": 0.0, "heading_lcl": [351.57], "heading_trf": null}, "accuracy": {"horizontal": 0.19, "vertical": 0.63}}
{"channel": "measurements", "type": "twr", "time": "2023-09-15T04:58:32.890+00:00", "tag": "1ff", "meas": [["ab0", 5.94, -84], ["b00", 9.09, -108], ["aa0", 3.8, -108], ["ae0", 5.15, -108], ["ac0", 8.06, -108], ["af0", 4.53, -108], ["b50", 4.42, -108], ["a80", 8.74, -108], ["b80", 13.94, -108]]}
{"channel": "solution", "tag": "1ff", "time": "2023-09-15T04:58:32.890+00:00", "validity": "f", "type": "9", "position_lcl": [-0.08, 3.13, 2.18], "position_trf": null, "velocity": {"speed": 0.49, "vertical": 0.01, "heading_lcl": [315.58], "heading_trf": null}, "accuracy": {"horizontal": 0.21, "vertical": 0.64}}
{"channel": "measurements", "type": "twr", "time": "2023-09-15T04:58:33.890+00:00", "tag": "1ff", "meas": [["ab0", 5.43, -84], ["b00", 9.41, -108], ["aa0", 2.84, -108], ["ae0", 5.62, -108], ["ac0", 7.62, -108], ["af0", 5.85, -108], ["b50", 3.79, -108], ["a80", 8.34, -108], ["b80", 14.43, -108]]}
{"channel": "solution", "tag": "1ff", "time": "2023-09-15T04:58:33.890+00:00", "validity": "f", "type": "9", "position_lcl": [-0.55, 3.19, 2.03], "position_trf": null, "velocity": {"speed": 0.53, "vertical": -0.01, "heading_lcl": [265.47], "heading_trf": null}, "accuracy": {"horizontal": 0.21, "vertical": 0.63}}
{"channel": "measurements", "type": "twr", "time": "2023-09-15T04:58:34.888+00:00", "tag": "1ff", "meas": [["ab0", 4.88, -84], ["b00", 8.06, -108], ["aa0", 2.88, -108], ["ae0", 8.33, -108], ["ac0", 7.53, -108], ["af0", 5.09, -108], ["b50", 3.35, -108], ["a80", 7.83, -108], ["b80", 12.89, -108]]}
{"channel": "solution", "tag": "1ff", "time": "2023-09-15T04:58:34.888+00:00", "validity": "f", "type": "9", "position_lcl": [-0.93, 2.88, 2.12], "position_trf": null, "velocity": {"speed": 0.58, "vertical": 0.0, "heading_lcl": [226.66], "heading_trf": null}, "accuracy": {"horizontal": 0.19, "vertical": 0.63}}
{"channel": "measurements", "type": "twr", "time": "2023-09-15T04:58:35.890+00:00", "tag": "1ff", "meas": [["ab0", 4.55, -84], ["b00", 7.55, -108], ["aa0", 2.53, -108], ["ae0", 8.99, -108], ["ac0", 7.66, -108], ["af0", 5.29, -108], ["b50", 3.24, -108], ["a80", 7.33, -108], ["b80", 12.4, -108]]}
{"channel": "solution", "tag": "1ff", "time": "2023-09-15T04:58:35.890+00:00", "validity": "f", "type": "9", "position_lcl": [-0.99, 2.35, 1.98], "position_trf": null, "velocity": {"speed": 0.57, "vertical": -0.01, "heading_lcl": [181.42], "heading_trf": null}, "accuracy": {"horizontal": 0.19, "vertical": 0.63}}
{"channel": "measurements", "type": "twr", "time": "2023-09-15T04:58:36.888+00:00", "tag": "1ff", "meas": [["ab0", 3.97, -84], ["b00", 6.92, -108], ["aa0", 2.78, -108], ["ae0", 8.8, -108], ["ac0", 8.02, -108], ["af0", 5.62, -108], ["b50", 3.12, -108], ["a80", 6.74, -108], ["b80", 12.3, -108]]}
{"channel": "solution", "tag": "1ff", "time": "2023-09-15T04:58:36.888+00:00", "validity": "f", "type": "9", "position_lcl": [-0.89, 1.8, 2.19], "position_trf": null, "velocity": {"speed": 0.6, "vertical": 0.01, "heading_lcl": [168.02], "heading_trf": null}, "accuracy": {"horizontal": 0.19, "vertical": 0.62}}
{"channel": "measurements", "type": "twr", "time": "2023-09-15T04:58:37.890+00:00", "tag": "1ff", "meas": [["ab0", 3.53, -82], ["b00", 6.27, -108], ["aa0", 2.8, -108], ["ae0", 9.33, -108], ["ac0", 8.2, -108], ["af0", 6.33, -108], ["b50", 3.19, -108], ["a80", 6.23, -108], ["b80", 11.68, -108]]}
{"channel": "solution", "tag": "1ff", "time": "2023-09-15T04:58:37.890+00:00", "validity": "f", "type": "9", "position_lcl": [-0.82, 1.2, 1.96], "position_trf": null, "velocity": {"speed": 0.63, "vertical": -0.01, "heading_lcl": [172.04], "heading_trf": null}, "accuracy": {"horizontal": 0.19, "vertical": 0.58}}
{"channel": "measurements", "type": "twr", "time": "2023-09-15T04:58:38.888+00:00", "tag": "1ff", "meas": [["ab0", 2.99, -82], ["b00", 5.7, -108], ["aa0", 3.47, -108], ["ae0", 9.98, -108], ["ac0", 8.35, -108], ["af0", 7.25, -108], ["b50", 2.98, -108], ["a80", 5.64, -108], ["b80", 10.86, -108]]}
{"channel": "solution", "tag": "1ff", "time": "2023-09-15T04:58:38.888+00:00", "validity": "f", "type": "9", "position_lcl": [-0.9, 0.61, 2.09], "position_trf": null, "velocity": {"speed": 0.66, "vertical": 0.0, "heading_lcl": [188.66], "heading_trf": null}, "accuracy": {"horizontal": 0.19, "vertical": 0.56}}
{"channel": "measurements", "type": "twr", "time": "2023-09-15T04:58:39.890+00:00", "tag": "1ff", "meas": [["ab0", 2.41, -81], ["b00", 5.08, -108], ["aa0", 4.1, -108], ["ae0", 11.68, -108], ["ac0", 8.51, -108], ["af0", 7.37, -108], ["b50", 2.85, -108], ["a80", 4.95, -108], ["b80", 10.41, -108]]}
{"channel": "solution", "tag": "1ff", "time": "2023-09-15T04:58:39.890+00:00", "validity": "f", "type": "9", "position_lcl": [-1.13, 0.06, 2.12], "position_trf": null, "velocity": {"speed": 0.64, "vertical": 0.01, "heading_lcl": [204.05], "heading_trf": null}, "accuracy": {"horizontal": 0.18, "vertical": 0.54}}
{"channel": "measurements", "type": "twr", "time": "2023-09-15T04:58:40.888+00:00", "tag": "1ff", "meas": [["ab0", 1.96, -80], ["b00", 4.56, -108], ["aa0", 4.75, -108], ["ae0", 11.82, -108], ["ac0", 8.87, -108], ["af0", 8.42, -108], ["b50", 2.91, -108], ["a80", 4.41, -108], ["b80", 9.84, -108]]}
{"channel": "solution", "tag": "1ff", "time": "2023-09-15T04:58:40.888+00:00", "validity": "f", "type": "9", "position_lcl": [-1.37, -0.49, 2.13], "position_trf": null, "velocity": {"speed": 0.66, "vertical": 0.01, "heading_lcl": [204.04], "heading_trf": null}, "accuracy": {"horizontal": 0.18, "vertical": 0.5}}
{"channel": "measurements", "type": "twr", "time": "2023-09-15T04:58:41.888+00:00", "tag": "1ff", "meas": [["ab0", 1.5, -82], ["b00", 3.94, -108], ["aa0", 5.47, -108], ["ae0", 12.08, -108], ["ac0", 8.83, -108], ["af0", 10.11, -108], ["b50", 3.1, -108], ["a80", 3.71, -108], ["b80", 9.16, -108]]}
{"channel": "solution", "tag": "1ff", "time": "2023-09-15T04:58:41.888+00:00", "validity": "f", "type": "9", "position_lcl": [-1.69, -1.05, 2.2], "position_trf": null, "velocity": {"speed": 0.71, "vertical": 0.01, "heading_lcl": [211.0], "heading_trf": null}, "accuracy": {"horizontal": 0.17, "vertical": 0.47}}
{"channel": "measurements", "type": "twr", "time": "2023-09-15T04:58:42.890+00:00", "tag": "1ff", "meas": [["ab0", 1.19, -82], ["b00", 3.26, -108], ["aa0", 5.99, -108], ["ae0", 12.2, -108], ["ac0", 9.08, -108], ["af0", 10.22, -108], ["b50", 3.37, -108], ["a80", 3.09, -108], ["b80", 8.65, -108]]}
{"channel": "solution", "tag": "1ff", "time": "2023-09-15T04:58:42.890+00:00", "validity": "f", "type": "9", "position_lcl": [-1.99, -1.66, 2.09], "position_trf": null, "velocity": {"speed": 0.73, "vertical": -0.0, "heading_lcl": [205.67], "heading_trf": null}, "accuracy": {"horizontal": 0.18, "vertical": 0.41}}
{"channel": "measurements", "type": "twr", "time": "2023-09-15T04:58:43.888+00:00", "tag": "1ff", "meas": [["ab0", 1.23, -83], ["b00", 2.83, -108], ["aa0", 7.06, -108], ["ae0", 14.46, -108], ["ac0", 9.32, -108], ["af0", 11.39, -108], ["b50", 3.71, -108], ["a80", 2.54, -108], ["b80", 8.07, -108]]}
{"channel": "solution", "tag": "1ff", "time": "2023-09-15T04:58:43.888+00:00", "validity": "f", "type": "9", "position_lcl": [-2.47, -2.25, 2.04], "position_trf": null, "velocity": {"speed": 0.81, "vertical": -0.01, "heading_lcl": [220.8], "heading_trf": null}, "accuracy": {"horizontal": 0.2, "vertical": 0.39}}
{"channel": "measurements", "type": "twr", "time": "2023-09-15T04:58:44.890+00:00", "tag": "1ff", "meas": [["ab0", 1.6, -82], ["b00", 2.34, -108], ["aa0", 7.31, -108], ["ae0", 15.99, -108], ["ac0", 10.43, -108], ["af0", 12.28, -108], ["b50", 4.17, -108], ["a80", 2.02, -108], ["b80", 7.5, -108]]}
{"channel": "solution", "tag": "1ff", "time": "2023-09-15T04:58:44.890+00:00", "validity": "f", "type": "9", "position_lcl": [-2.7, -2.83, 1.95], "position_trf": null, "velocity": {"speed": 0.65, "vertical": -0.02, "heading_lcl": [201.88], "heading_trf": null}, "accuracy": {"horizontal": 0.23, "vertical": 0.38}}
{"channel": "measurements", "type": "twr", "time": "2023-09-15T04:58:45.890+00:00", "tag": "1ff", "meas": [["ab0", 2.26, -84], ["b00", 1.94, -108], ["aa0", 8.43, -108], ["ae0", 17.4, -108], ["ac0", 9.91, -108], ["af0", 11.85, -108], ["b50", 4.98, -108], ["a80", 1.53, -108], ["b80", 7.04, -108]]}
{"channel": "solution", "tag": "1ff", "time": "2023-09-15T04:58:45.890+00:00", "validity": "f", "type": "9", "position_lcl": [-2.95, -3.4, 1.96], "position_trf": null, "velocity": {"speed": 0.65, "vertical": -0.01, "heading_lcl": [200.96], "heading_trf": null}, "accuracy": {"horizontal": 0.26, "vertical": 0.35}}
{"channel": "measurements", "type": "twr", "time": "2023-09-15T04:58:46.890+00:00", "tag": "1ff", "meas": [["ab0", 3.71, -94], ["b00", 1.72, -108], ["aa0", 8.55, -108], ["ae0", 17.67, -108], ["ac0", 10.32, -108], ["af0", 12.17, -108], ["b50", 5.71, -108], ["a80", 1.77, -108], ["b80", 6.56, -108]]}
{"channel": "solution", "tag": "1ff", "time": "2023-09-15T04:58:46.890+00:00", "validity": "f", "type": "9", "position_lcl": [-3.05, -3.98, 1.87], "position_trf": null, "velocity": {"speed": 0.65, "vertical": -0.02, "heading_lcl": [189.65], "heading_trf": null}, "accuracy": {"horizontal": 0.25, "vertical": 0.33}}
{"channel": "measurements", "type": "twr", "time": "2023-09-15T04:58:47.890+00:00", "tag": "1ff", "meas": [["ab0", 3.77, -94], ["b00", 1.39, -108], ["aa0", 8.62, -108], ["ae0", 15.18, -108], ["ac0", 13.2, -108], ["af0", 12.2, -108], ["b50", 10.2, -108], ["a80", 1.97, -108], ["b80", 6.3, -108]]}
{"channel": "solution", "tag": "1ff", "time": "2023-09-15T04:58:47.890+00:00", "validity": "f", "type": "9", "position_lcl": [-2.88, -4.56, 1.59], "position_trf": null, "velocity": {"speed": 0.64, "vertical": -0.07, "heading_lcl": [165.4], "heading_trf": null}, "accuracy": {"horizontal": 0.22, "vertical": 0.22}}
{"channel": "measurements", "type": "twr", "time": "2023-09-15T04:58:48.889+00:00", "tag": "1ff", "meas": [["ab0", 3.86, -85], ["b00", 1.69, -108], ["aa0", 8.7, -108], ["ae0", 13.98, -108], ["ac0", 11.57, -108], ["af0", 12.25, -108], ["b50", 6.35, -108], ["a80", 2.76, -108], ["b80", 5.43, -108]]}
{"channel": "solution", "tag": "1ff", "time": "2023-09-15T04:58:48.889+00:00", "validity": "f", "type": "9", "position_lcl": [-2.51, -5.01, 1.48], "position_trf": null, "velocity": {"speed": 0.6, "vertical": -0.07, "heading_lcl": [141.22], "heading_trf": null}, "accuracy": {"horizontal": 0.24, "vertical": 0.21}}
{"channel": "measurements", "type": "twr", "time": "2023-09-15T04:58:49.889+00:00", "tag": "1ff", "meas": [["ab0", 4.08, -84], ["b00", 1.02, -108], ["aa0", 8.72, -108], ["ae0", 14.12, -108], ["ac0", 11.94, -108], ["af0", 12.75, -108], ["b50", 6.59, -108], ["a80", 4.48, -108], ["b80", 5.2, -108]]}
{"channel": "solution", "tag": "1ff", "time": "2023-09-15T04:58:49.889+00:00", "validity": "f", "type": "9", "position_lcl": [-2.09, -5.17, 1.57], "position_trf": null, "velocity": {"speed": 0.48, "vertical": -0.01, "heading_lcl": [116.83], "heading_trf": null}, "accuracy": {"horizontal": 0.3, "vertical": 0.18}}
{"channel": "measurements", "type": "twr", "time": "2023-09-15T04:58:50.888+00:00", "tag": "1ff", "meas": [["ab0", 4.47, -83], ["b00", 1.24, -108], ["aa0", 8.43, -108], ["ae0", 14.2, -108], ["ac0", 12.31, -108], ["af0", 13.92, -108], ["b50", 7.01, -108], ["a80", 3.75, -108], ["b80", 4.64, -108]]}
{"channel": "solution", "tag": "1ff", "time": "2023-09-15T04:58:50.888+00:00", "validity": "f", "type": "9", "position_lcl": [-1.65, -5.33, 1.55], "position_trf": null, "velocity": {"speed": 0.5, "vertical": -0.01, "heading_lcl": [117.8], "heading_trf": null}, "accuracy": {"horizontal": 0.31, "vertical": 0.17}}
{"channel": "measurements", "type": "twr", "time": "2023-09-15T04:58:51.888+00:00", "tag": "1ff", "meas": [["ab0", 4.74, -83], ["b00", 1.71, -108], ["aa0", 8.21, -108], ["ae0", 14.48, -108], ["ac0", 12.76, -108], ["af0", 14.4, -108], ["b50", 7.13, -108], ["a80", 4.13, -108], ["b80", 4.55, -108]]}
{"channel": "solution", "tag": "1ff", "time": "2023-09-15T04:58:51.888+00:00", "validity": "f", "type": "9", "position_lcl": [-1.16, -5.42, 1.56], "position_trf": null, "velocity": {"speed": 0.5, "vertical": -0.0, "heading_lcl": [103.92], "heading_trf": null}, "accuracy": {"horizontal": 0.32, "vertical": 0.19}}
{"channel": "measurements", "type": "twr", "time": "2023-09-15T04:58:52.888+00:00", "tag": "1ff", "meas": [["ab0", 4.97, -85], ["b00", 2.22, -108], ["aa0", 7.8, -108], ["ae0", 14.28, -108], ["ac0", 12.85, -108], ["af0", 13.06, -108], ["b50", 7.34, -108], ["a80", 4.34, -108], ["b80", 5.66, -108]]}
{"channel": "solution", "tag": "1ff", "time": "2023-09-15T04:58:52.888+00:00", "validity": "f", "type": "9", "position_lcl": [-0.59, -5.39, 1.56], "position_trf": null, "velocity": {"speed": 0.55, "vertical": -0.01, "heading_lcl": [84.4], "heading_trf": null}, "accuracy": {"horizontal": 0.31, "vertical": 0.23}}
{"channel": "measurements", "type": "twr", "time": "2023-09-15T04:58:53.888+00:00", "tag": "1ff", "meas": [["ab0", 5.02, -83], ["b00", 2.99, -108], ["aa0", 7.3, -108], ["ae0", 13.83, -108], ["ac0", 12.85, -108], ["af0", 11.26, -108], ["b50", 7.2, -108], ["a80", 4.49, -108], ["b80", 5.14, -108]]}
{"channel": "solution", "tag": "1ff", "time": "2023-09-15T04:58:53.888+00:00", "validity": "f", "type": "9", "position_lcl": [-0.11, -5.15, 1.53], "position_trf": null, "velocity": {"speed": 0.55, "vertical": -0.01, "heading_lcl": [63.37], "heading_trf": null}, "accuracy": {"horizontal": 0.27, "vertical": 0.28}}
{"channel": "measurements", "type": "twr", "time": "2023-09-15T04:58:54.888+00:00", "tag": "1ff", "meas": [["ab0", 5.01, -84], ["b00", 2.96, -108], ["aa0", 6.73, -108], ["ae0", 12.9, -108], ["ac0", 12.72, -108], ["af0", 10.42, -108], ["b50", 7.08, -108], ["a80", 4.71, -108], ["b80", 6.65, -108]]}
{"channel": "solution", "tag": "1ff", "time": "2023-09-15T04:58:54.888+00:00", "validity": "f", "type": "9", "position_lcl": [0.33, -4.77, 1.57], "position_trf": null, "velocity": {"speed": 0.61, "vertical": 0.0, "heading_lcl": [48.06], "heading_trf": null}, "accuracy": {"horizontal": 0.23, "vertical": 0.31}}
{"channel": "measurements", "type": "twr", "time": "2023-09-15T04:58:55.889+00:00", "tag": "1ff", "meas": [["ab0", 4.77, -84], ["b00", 3.18, -108], ["aa0", 5.97, -108], ["ae0", 12.58, -108], ["ac0", 12.23, -108], ["af0", 13.09, -108], ["b50", 6.69, -108], ["a80", 4.78, -108], ["b80", 6.92, -108]]}
{"channel": "solution", "tag": "1ff", "time": "2023-09-15T04:58:55.889+00:00", "validity": "f", "type": "9", "position_lcl": [0.58, -4.23, 1.71], "position_trf": null, "velocity": {"speed": 0.66, "vertical": 0.03, "heading_lcl": [21.28], "heading_trf": null}, "accuracy": {"horizontal": 0.21, "vertical": 0.34}}
{"channel": "measurements", "type": "twr", "time": "2023-09-15T04:58:56.889+00:00", "tag": "1ff", "meas": [["ab0", 4.56, -84], ["b00", 3.5, -108], ["aa0", 5.41, -108], ["ae0", 11.94, -108], ["ac0", 12.03, -108], ["af0", 9.39, -108], ["b50", 6.28, -108], ["a80", 4.93, -108], ["b80", 8.4, -108]]}
{"channel": "solution", "tag": "1ff", "time": "2023-09-15T04:58:56.889+00:00", "validity": "f", "type": "9", "position_lcl": [0.69, -3.62, 1.89], "position_trf": null, "velocity": {"speed": 0.64, "vertical": 0.06, "heading_lcl": [8.37], "heading_trf": null}, "accuracy": {"horizontal": 0.2, "vertical": 0.37}}
{"channel": "measurements", "type": "twr", "time": "2023-09-15T04:58:57.890+00:00", "tag": "1ff", "meas": [["ab0", 4.37, -83], ["b00", 3.82, -108], ["aa0", 4.76, -108], ["ae0", 10.95, -108], ["ac0", 11.62, -108], ["af0", 9.1, -108], ["b50", 5.98, -108], ["a80", 5.08, -108], ["b80", 9.05, -108]]}
{"channel": "solution", "tag": "1ff", "time": "2023-09-15T04:58:57.890+00:00", "validity": "f", "type": "9", "position_lcl": [0.65, -3.03, 2.11], "position_trf": null, "velocity": {"speed": 0.62, "vertical": 0.08, "heading_lcl": [354.67], "heading_trf": null}, "accuracy": {"horizontal": 0.19, "vertical": 0.41}}
{"channel": "measurements", "type": "twr", "time": "2023-09-15T04:58:58.888+00:00", "tag": "1ff", "meas": [["ab0", 4.19, -84], ["b00", 4.66, -108], ["aa0", 4.09, -108], ["ae0", 10.16, -108], ["ac0", 11.21, -108], ["af0", 7.94, -108], ["b50", 5.48, -108], ["a80", 5.41, -108], ["b80", 8.82, -108]]}
{"channel": "solution", "tag": "1ff", "time": "2023-09-15T04:58:58.888+00:00", "validity": "f", "type": "9", "position_lcl": [0.59, -2.39, 2.17], "position_trf": null, "velocity": {"speed": 0.72, "vertical": 0.06, "heading_lcl": [355.99], "heading_trf": null}, "accuracy": {"horizontal": 0.17, "vertical": 0.43}}
{"channel": "measurements", "type": "twr", "time": "2023-09-15T04:58:59.890+00:00", "tag": "1ff", "meas": [["ab0", 4.61, -86], ["b00", 5.3, -108], ["aa0", 3.44, -108], ["ae0", 9.45, -108], ["ac0", 10.84, -108], ["af0", 11.35, -108], ["b50", 5.1, -108], ["a80", 5.78, -108], ["b80", 11.28, -108]]}
{"channel": "solution", "tag": "1ff", "time": "2023-09-15T04:58:59.890+00:00", "validity": "f", "type": "9", "position_lcl": [0.64, -1.7, 2.18], "position_trf": null, "velocity": {"speed": 0.78, "vertical": 0.04, "heading_lcl": [6.03], "heading_trf": null}, "accuracy": {"horizontal": 0.17, "vertical": 0.47}}
{"channel": "measurements", "type": "twr", "time": "2023-09-15T04:59:00.888+00:00", "tag": "1ff", "meas": [["ab0", 4.28, -86], ["b00", 5.6, -108], ["aa0", 3.08, -108], ["ae0", 9.09, -108], ["ac0", 10.39, -108], ["af0", 7.33, -108], ["b50", 4.82, -108], ["a80", 6.09, -108], ["b80", 12.49, -108]]}
{"channel": "solution", "tag": "1ff", "time": "2023-09-15T04:59:00.888+00:00", "validity": "f", "type": "9", "position_lcl": [0.59, -1.07, 2.17], "position_trf": null, "velocity": {"speed": 0.64, "vertical": 0.03, "heading_lcl": [353.39], "heading_trf": null}, "accuracy": {"horizontal": 0.17, "vertical": 0.5}}
{"channel": "measurements", "type": "twr", "time": "2023-09-15T04:59:01.888+00:00", "tag": "1ff", "meas": [["ab0", 4.48, -83], ["b00", 6.07, -108], ["aa0", 2.46, -108], ["ae0", 8.36, -108], ["ac0", 10.06, -108], ["af0", 6.19, -108], ["b50", 4.93, -108], ["a80", 6.36, -108], ["b80", 11.25, -108]]}
{"channel": "solution", "tag": "1ff", "time": "2023-09-15T04:59:01.888+00:00", "validity": "f", "type": "9", "position_lcl": [0.49, -0.51, 2.21], "position_trf": null, "velocity": {"speed": 0.59, "vertical": 0.02, "heading_lcl": [344.79], "heading_trf": null}, "accuracy": {"horizontal": 0.18, "vertical": 0.52}}
{"channel": "measurements", "type": "twr", "time": "2023-09-15T04:59:02.888+00:00", "tag": "1ff", "meas": [["ab0", 4.59, -84], ["b00", 6.45, -108], ["aa0", 2.21, -108], ["ae0", 9.3, -108], ["ac0", 10.32, -108], ["af0", 5.85, -108], ["b50", 4.82, -108], ["a80", 6.8, -108], ["b80", 11.06, -108]]}
{"channel": "solution", "tag": "1ff", "time": "2023-09-15T04:59:02.888+00:00", "validity": "f", "type": "9", "position_lcl": [0.56, -0.05, 2.0], "position_trf": null, "velocity": {"speed": 0.46, "vertical": -0.01, "heading_lcl": [6.5], "heading_trf": null}, "accuracy": {"horizontal": 0.19, "vertical": 0.52}}
{"channel": "measurements", "type": "twr", "time": "2023-09-15T04:59:03.888+00:00", "tag": "1ff", "meas": [["ab0", 4.65, -81], ["b00", 6.56, -108], ["aa0", 2.25, -108], ["ae0", 8.04, -108], ["ac0", 10.03, -108], ["af0", 6.13, -108], ["b50", 4.91, -108], ["a80", 6.98, -108], ["b80", 10.99, -108]]}
{"channel": "solution", "tag": "1ff", "time": "2023-09-15T04:59:03.888+00:00", "validity": "f", "type": "9", "position_lcl": [0.65, 0.23, 2.01], "position_trf": null, "velocity": {"speed": 0.22, "vertical": -0.01, "heading_lcl": [13.85], "heading_trf": null}, "accuracy": {"horizontal": 0.19, "vertical": 0.54}}
{"channel": "measurements", "type": "twr", "time": "2023-09-15T04:59:04.889+00:00", "tag": "1ff", "meas": [["ab0", 4.71, -83], ["b00", 6.9, -108], ["aa0", 2.4, -108], ["ae0", 8.04, -108], ["ac0", 10.0, -108], ["af0", 5.91, -108], ["b50", 4.85, -108], ["a80", 6.94, -108], ["b80", 11.07, -108]]}
{"channel": "solution", "tag": "1ff", "time": "2023-09-15T04:59:04.889+00:00", "validity": "7", "type": "9", "position_lcl": [0.68, 0.34, 2.0], "position_trf": null, "velocity": {"speed": 0.09, "vertical": -0.01}, "accuracy": {"horizontal": 0.18, "vertical": 0.55}}
{"channel": "measurements", "type": "twr", "time": "2023-09-15T04:59:05.888+00:00", "tag": "1ff", "meas": [["ab0", 4.7, -83], ["b00", 6.71, -108], ["aa0", 2.42, -108], ["ae0", 8.0, -108], ["ac0", 10.05, -108], ["af0", 5.97, -108], ["b50", 4.87, -108], ["a80", 7.14, -108], ["b80", 10.62, -108]]}
{"channel": "solution", "tag": "1ff", "time": "2023-09-15T04:59:05.888+00:00", "validity": "7", "type": "9", "position_lcl": [0.67, 0.31, 1.96], "position_trf": null, "velocity": {"speed": 0.02, "vertical": -0.02}, "accuracy": {"horizontal": 0.18, "vertical": 0.56}}
{"channel": "measurements", "type": "twr", "time": "2023-09-15T04:59:06.889+00:00", "tag": "1ff", "meas": [["ab0", 4.64, -82], ["b00", 6.76, -108], ["aa0", 2.34, -108], ["ae0", 7.99, -108], ["ac0", 10.06, -108], ["af0", 5.94, -108], ["b50", 4.89, -108], ["a80", 7.63, -108], ["b80", 10.58, -108]]}
{"channel": "solution", "tag": "1ff", "time": "2023-09-15T04:59:06.889+00:00", "validity": "7", "type": "9", "position_lcl": [0.67, 0.31, 1.94], "position_trf": null, "velocity": {"speed": 0.04, "vertical": -0.03}, "accuracy": {"horizontal": 0.19, "vertical": 0.58}}
{"channel": "measurements", "type": "twr", "time": "2023-09-15T04:59:07.890+00:00", "tag": "1ff", "meas": [["ab0", 4.73, -82], ["b00", 6.81, -108], ["aa0", 2.35, -108], ["ae0", 8.02, -108], ["ac0", 10.04, -108], ["af0", 5.99, -108], ["b50", 4.83, -108], ["a80", 7.02, -108], ["b80", 10.6, -108]]}
{"channel": "solution", "tag": "1ff", "time": "2023-09-15T04:59:07.890+00:00", "validity": "7", "type": "9", "position_lcl": [0.67, 0.31, 1.92], "position_trf": null, "velocity": {"speed": 0.02, "vertical": -0.02}, "accuracy": {"horizontal": 0.19, "vertical": 0.56}}
{"channel": "measurements", "type": "twr", "time": "2023-09-15T04:59:08.890+00:00", "tag": "1ff", "meas": [["ab0", 4.73, -83], ["b00", 6.7, -108], ["aa0", 2.4, -108], ["ae0", 8.01, -108], ["ac0", 9.99, -108], ["af0", 5.91, -108], ["b50", 4.83, -108], ["a80", 6.96, -108], ["b80", 10.56, -108]]}
{"channel": "solution", "tag": "1ff", "time": "2023-09-15T04:59:08.890+00:00", "validity": "7", "type": "9", "position_lcl": [0.67, 0.31, 1.92], "position_trf": null, "velocity": {"speed": 0.01, "vertical": -0.01}, "accuracy": {"horizontal": 0.18, "vertical": 0.54}}
{"channel": "measurements", "type": "twr", "time": "2023-09-15T04:59:09.890+00:00", "tag": "1ff", "meas": [["ab0", 4.72, -82], ["b00", 6.81, -108], ["aa0", 2.34, -108], ["ae0", 8.02, -108], ["ac0", 10.0, -108], ["af0", 5.96, -108], ["b50", 4.88, -108], ["a80", 6.98, -108], ["b80", 10.64, -108]]}
{"channel": "solution", "tag": "1ff", "time": "2023-09-15T04:59:09.890+00:00", "validity": "7", "type": "9", "position_lcl": [0.67, 0.31, 1.92], "position_trf": null, "velocity": {"speed": 0.01, "vertical": -0.01}, "accuracy": {"horizontal": 0.18, "vertical": 0.54}}
{"channel": "measurements", "type": "twr", "time": "2023-09-15T04:59:10.890+00:00", "tag": "1ff", "meas": [["ab0", 4.67, -83], ["b00", 6.74, -108], ["aa0", 2.37, -108], ["ae0", 8.05, -108], ["ac0", 10.05, -108], ["af0", 5.99, -108], ["b50", 4.85, -108], ["a80", 6.96, -108], ["b80", 10.57, -108]]}
{"channel": "solution", "tag": "1ff", "time": "2023-09-15T04:59:10.890+00:00", "validity": "7", "type": "9", "position_lcl": [0.67, 0.31, 1.92], "position_trf": null, "velocity": {"speed": 0.01, "vertical": -0.01}, "accuracy": {"horizontal": 0.18, "vertical": 0.54}}
{"channel": "measurements", "type": "twr", "time": "2023-09-15T04:59:11.890+00:00", "tag": "1ff", "meas": [["ab0", 4.69, -82], ["b00", 6.79, -108], ["aa0", 2.39, -108], ["ae0", 8.04, -108], ["ac0", 10.05, -108], ["af0", 6.02, -108], ["b50", 4.86, -108], ["a80", 7.01, -108], ["b80", 10.66, -108]]}
{"channel": "solution", "tag": "1ff", "time": "2023-09-15T04:59:11.890+00:00", "validity": "7", "type": "9", "position_lcl": [0.67, 0.31, 1.92], "position_trf": null, "velocity": {"speed": 0.01, "vertical": -0.01}, "accuracy": {"horizontal": 0.18, "vertical": 0.54}}
{"channel": "measurements", "type": "twr", "time": "2023-09-15T04:59:12.890+00:00", "tag": "1ff", "meas": [["ab0", 4.73, -82], ["aa0", 2.35, -108], ["ae0", 8.03, -108], ["ac0", 10.01, -108], ["af0", 6.0, -108], ["b50", 4.89, -108], ["a80", 6.99, -108], ["b80", 10.62, -108]]}
{"channel": "solution", "tag": "1ff", "time": "2023-09-15T04:59:12.890+00:00", "validity": "7", "type": "9", "position_lcl": [0.67, 0.31, 1.92], "position_trf": null, "velocity": {"speed": 0.0, "vertical": -0.0}, "accuracy": {"horizontal": 0.18, "vertical": 0.54}}
{"channel": "measurements", "type": "twr", "time": "2023-09-15T04:59:13.890+00:00", "tag": "1ff", "meas": [["ab0", 4.69, -83], ["aa0", 2.33, -108], ["ae0", 7.99, -108], ["ac0", 10.08, -108], ["af0", 5.96, -108], ["b50", 4.81, -108], ["a80", 6.97, -108], ["b80", 10.59, -108]]}
{"channel": "solution", "tag": "1ff", "time": "2023-09-15T04:59:13.890+00:00", "validity": "7", "type": "9", "position_lcl": [0.67, 0.31, 1.92], "position_trf": null, "velocity": {"speed": 0.0, "vertical": 0.0}, "accuracy": {"horizontal": 0.18, "vertical": 0.56}}
{"channel": "measurements", "type": "twr", "time": "2023-09-15T04:59:14.890+00:00", "tag": "1ff", "meas": [["ab0", 4.68, -83], ["b00", 6.8, -108], ["aa0", 2.41, -108], ["ae0", 8.0, -108], ["ac0", 10.0, -108], ["af0", 5.9, -108], ["b50", 4.83, -108], ["a80", 6.98, -108], ["b80", 10.54, -108]]}
{"channel": "solution", "tag": "1ff", "time": "2023-09-15T04:59:14.890+00:00", "validity": "7", "type": "9", "position_lcl": [0.67, 0.31, 1.92], "position_trf": null, "velocity": {"speed": 0.01, "vertical": -0.0}, "accuracy": {"horizontal": 0.18, "vertical": 0.56}}
{"channel": "measurements", "type": "twr", "time": "2023-09-15T04:59:15.888+00:00", "tag": "1ff", "meas": [["ab0", 4.71, -83], ["b00", 6.76, -108], ["aa0", 2.38, -108], ["ae0", 8.03, -108], ["ac0", 10.07, -108], ["af0", 5.97, -108], ["b50", 4.89, -108], ["a80", 7.01, -108], ["b80", 10.59, -108]]}
{"channel": "solution", "tag": "1ff", "time": "2023-09-15T04:59:15.888+00:00", "validity": "7", "type": "9", "position_lcl": [0.67, 0.31, 1.92], "position_trf": null, "velocity": {"speed": 0.01, "vertical": -0.0}, "accuracy": {"horizontal": 0.18, "vertical": 0.55}}
